#
# A fatal error has been detected by the Java Runtime Environment:
#
#  EXCEPTION_ACCESS_VIOLATION (0xc0000005) at pc=0x00007ffaf91dfd20, pid=15800, tid=6844
#
# JRE version: OpenJDK Runtime Environment Temurin-25.0.1+8 (25.0.1+8) (build 25.0.1+8-LTS)
# Java VM: OpenJDK 64-Bit Server VM Temurin-25.0.1+8 (25.0.1+8-LTS, mixed mode, sharing, tiered, compressed oops, compressed class ptrs, g1 gc, windows-amd64)
# Problematic frame:
# V  [jvm.dll+0x3afd20]
#
# No core dump will be written. Minidumps are not enabled by default on client versions of Windows
#
# If you would like to submit a bug report, please visit:
#   https://github.com/adoptium/adoptium-support/issues
#

---------------  S U M M A R Y ------------

Command Line: -Declipse.application=org.eclipse.jdt.ls.core.id1 -Dosgi.bundles.defaultStartLevel=4 -Declipse.product=org.eclipse.jdt.ls.core.product -Dlog.protocol=true -Dlog.level=ALL -javaagent:C:\Users\spoon\AppData\Local\nvim-data\mason\share\jdtls\lombok.jar -Xms1g --add-modules=ALL-SYSTEM --add-opens=java.base/java.util=ALL-UNNAMED --add-opens=java.base/java.lang=ALL-UNNAMED C:\Users\spoon\AppData\Local\nvim-data\mason\share\jdtls\plugins\org.eclipse.equinox.launcher.jar -configuration C:\Users\spoon\AppData\Local\nvim-data\mason\share\jdtls\config -data C:\Users\spoon\AppData\Local\nvim-data/site/java/workspace-root/source

Host: AMD Ryzen 9 5950X 16-Core Processor            , 32 cores, 63G,  Windows 11 , 64 bit Build 26100 (10.0.26100.3912)
Time: Sat Feb 28 01:08:54 2026 Pacific Standard Time elapsed time: 9168.769739 seconds (0d 2h 32m 48s)

---------------  T H R E A D  ---------------

Current thread (0x00000216268e1c20):  WorkerThread "GC Thread#16"   [id=6844, stack(0x00000022fc300000,0x00000022fc400000) (1024K)]

Stack: [0x00000022fc300000,0x00000022fc400000],  sp=0x00000022fc3ff308,  free space=1020k
Native frames: (J=compiled Java code, j=interpreted, Vv=VM code, C=native code)
V  [jvm.dll+0x3afd20]  (no source info available)


siginfo: EXCEPTION_ACCESS_VIOLATION (0xc0000005), reading address 0x00000000df2cb3d0


Registers:
RAX=0x0000000000000001, RBX=0x0000000000000001, RCX=0x000000047a3ec0a0, RDX=0x00000000df2cb3c8
RSP=0x00000022fc3ff308, RBP=0x00000022fc3ff390, RSI=0x0000021670cd8b00, RDI=0x00000000df2cb3c8
R8 =0x000000047a3ec0a0, R9 =0x0000000000000001, R10=0x0000000000000000, R11=0x0000000000000001
R12=0x00000022fc3ff3f0, R13=0x000002162b50c070, R14=0x0000000000016e40, R15=0x000000047a3ec0a0
RIP=0x00007ffaf91dfd20, EFLAGS=0x0000000000010202

XMM[0]=0x00000010002cb3c8 0x0000000000000001
XMM[1]=0x0000000000000000 0x0000000000000000
XMM[2]=0x96df6f9296df6f87 0x96df6f7c96df6f71
XMM[3]=0x96df703d96df7021 0x96df6fd496df6fc9
XMM[4]=0x96df70d996df70ce 0x96df70c396df70b5
XMM[5]=0x0000000000000000 0x0000000000000000
XMM[6]=0x0000000000000000 0x0000000000000000
XMM[7]=0x0000000000000000 0x0000000000000000
XMM[8]=0x0000000000000000 0x0000000000000000
XMM[9]=0x0000000000000000 0x0000000000000000
XMM[10]=0x0000000000000000 0x0000000000000000
XMM[11]=0x0000000000000000 0x0000000000000000
XMM[12]=0x0000000000000000 0x0000000000000000
XMM[13]=0x0000000000000000 0x0000000000000000
XMM[14]=0x0000000000000000 0x0000000000000000
XMM[15]=0x0000000000000000 0x0000000000000000
  MXCSR=0x00001fa0


Register to memory mapping:

RAX=0x0000000000000001 is an unknown value
RBX=0x0000000000000001 is an unknown value
RCX=
[error occurred during error reporting (printing register info), id 0xc0000005, EXCEPTION_ACCESS_VIOLATION (0xc0000005) at pc=0x00007ffaf91dfd20]
RDX=0x00000000df2cb3c8 is pointing into metadata
RSP=0x00000022fc3ff308 points into unknown readable memory: 0x00007ffaf9226e4e | 4e 6e 22 f9 fa 7f 00 00
RBP=0x00000022fc3ff390 points into unknown readable memory: 0x0000000000000040 | 40 00 00 00 00 00 00 00
RSI=0x0000021670cd8b00 points into unknown readable memory: 0x0000000000000000 | 00 00 00 00 00 00 00 00
RDI=0x00000000df2cb3c8 is pointing into metadata
R8 =
[error occurred during error reporting (printing register info, attempt 2), id 0xc0000005, EXCEPTION_ACCESS_VIOLATION (0xc0000005) at pc=0x00007ffaf91dfd20]
R9 =0x0000000000000001 is an unknown value
R10=0x0 is null
R11=0x0000000000000001 is an unknown value
R12=0x00000022fc3ff3f0 points into unknown readable memory: 0x000002162b000001 | 01 00 00 2b 16 02 00 00
R13=0x000002162b50c070 points into unknown readable memory: 0x00007ffaf99a8f48 | 48 8f 9a f9 fa 7f 00 00
R14=0x0000000000016e40 is an unknown value
R15=
[error occurred during error reporting (printing register info, attempt 3), id 0xc0000005, EXCEPTION_ACCESS_VIOLATION (0xc0000005) at pc=0x00007ffaf91dfd20]
Top of Stack: (sp=0x00000022fc3ff308)
0x00000022fc3ff308:   00007ffaf9226e4e 0000000000000001   Nn".............
0x00000022fc3ff318:   000000009f24c7d0 00000022fc3ff390   ..$.......?."...
0x00000022fc3ff328:   00000000a024ea70 000002167cede20d   p.$........|....
0x00000022fc3ff338:   0000021629f6ba40 00000022fc3ff3e0   @..)......?."...
0x00000022fc3ff348:   00007ffaf92252c8 000002162b000001   .R"........+....
0x00000022fc3ff358:   00007ffaf961ecbf 0000000000000000   ..a.............
0x00000022fc3ff368:   0000000000000008 0000000000000040   ........@.......
0x00000022fc3ff378:   0000000000000040 000002162dedf3f0   @..........-....
0x00000022fc3ff388:   00007ffaf922c491 0000000000000040   ..".....@.......
0x00000022fc3ff398:   0000021670cce730 0000000000000000   0..p............
0x00000022fc3ff3a8:   000002162b50c070 00000022fc3ff450   p.P+....P.?."...
0x00000022fc3ff3b8:   00007ffaf92252c8 0000021670cd8b00   .R"........p....
0x00000022fc3ff3c8:   0000021670cd8b00 0000000000016e3e   ...p....>n......
0x00000022fc3ff3d8:   000000041ac54c44 000000041ac54c45   DL......EL......
0x00000022fc3ff3e8:   00007ffaf92283b8 000002162b000001   .."........+....
0x00000022fc3ff3f8:   000002162b50c070 00000022fc3ff450   p.P+....P.?."...
0x00000022fc3ff408:   00007ffaf922d664 000000000000ff00   d.".............
0x00000022fc3ff418:   00007ffaf922d664 00000004127ee050   d.".....P.~.....
0x00000022fc3ff428:   00007ffaf95d02af 00000022fc3ff4b0   ..].......?."...
0x00000022fc3ff438:   00007ffaf922e5ad 00000004127ee050   ..".....P.~.....
0x00000022fc3ff448:   00007ffaf922ff00 00000022fc3ff690   ..".......?."...
0x00000022fc3ff458:   00000022fc3ff690 0000000000000022   ..?."...".......
0x00000022fc3ff468:   00000004127ee050 000000000000000c   P.~.............
0x00000022fc3ff478:   000002162b50c070 00000022fc3ff590   p.P+......?."...
0x00000022fc3ff488:   00007ffaf92246ae 00000004127ee000   .F".......~.....
0x00000022fc3ff498:   00000004127ee000 00000004127ec800   ..~.......~.....
0x00000022fc3ff4a8:   0000000000000300 0000001558ff48ac   .........H.X....
0x00000022fc3ff4b8:   0000000000000000 0000000000000022   ........".......
0x00000022fc3ff4c8:   000002167ce9bf70 000002167ad0fca0   p..|.......z....
0x00000022fc3ff4d8:   00007ffaf92337b4 00000022fc3ff690   .7#.......?."...
0x00000022fc3ff4e8:   000002167ad0fca0 00000022fc3ff590   ...z......?."...
0x00000022fc3ff4f8:   0000000000000000 00000004127ec800   ..........~.....

Instructions: (pc=0x00007ffaf91dfd20)
  0x00007ffaf91dfc20:   c1 eb 03 48 3b da 73 98 eb 1d 41 b1 01 4c 8b c3
  0x00007ffaf91dfc30:   48 8b d6 48 8b cf e8 75 70 03 00 4c 8d 04 dd 00
  0x00007ffaf91dfc40:   00 00 00 48 89 77 20 48 8b 74 24 38 48 8b 4f 10
  0x00007ffaf91dfc50:   48 8b 5f 08 48 2b d9 49 03 d8 4d 8b 06 48 8b d7
  0x00007ffaf91dfc60:   49 8b ce 41 ff 50 10 48 8b 7c 24 48 48 8b c3 48
  0x00007ffaf91dfc70:   8b 5c 24 40 48 83 c4 20 41 5e c3 cc cc cc cc cc
  0x00007ffaf91dfc80:   40 53 48 83 ec 20 4c 8b 42 10 4c 8d 4c 24 30 0f
  0x00007ffaf91dfc90:   b6 41 38 48 8b d9 4c 2b 41 28 4c 2b 02 48 8b 0d
  0x00007ffaf91dfca0:   34 7e a5 00 88 44 24 31 c6 44 24 30 00 0f b7 44
  0x00007ffaf91dfcb0:   24 30 66 89 44 24 30 c6 44 24 32 00 e8 bf 3c 01
  0x00007ffaf91dfcc0:   00 48 c7 43 28 00 00 00 00 48 83 c4 20 5b c3 cc
  0x00007ffaf91dfcd0:   4c 8b 42 10 4c 2b 02 48 8b 0d fa 7d a5 00 e9 2d
  0x00007ffaf91dfce0:   3d 01 00 cc cc cc cc cc cc cc cc cc cc cc cc cc
  0x00007ffaf91dfcf0:   48 8b 42 10 48 2b 02 ff 41 10 48 89 41 28 48 89
  0x00007ffaf91dfd00:   51 08 c3 cc cc cc cc cc cc cc cc cc cc cc cc cc
  0x00007ffaf91dfd10:   48 89 0d c1 7d a5 00 48 89 15 b2 7d a5 00 c3 cc
=>0x00007ffaf91dfd20:   44 8b 4a 08 4c 8b c2 45 85 c9 7e 0e 41 f6 c1 01
  0x00007ffaf91dfd30:   75 49 41 c1 f9 03 49 63 c1 c3 79 3f 8b 05 26 c8
  0x00007ffaf91dfd40:   9e 00 ff c8 4c 63 c0 48 63 05 0a 71 a8 00 48 63
  0x00007ffaf91dfd50:   14 08 41 8b c9 83 e1 3f 41 8b c1 48 c1 f8 10 0f
  0x00007ffaf91dfd60:   b6 c0 48 d3 e2 49 8d 0c 10 49 f7 d0 48 03 c1 49
  0x00007ffaf91dfd70:   c1 e8 03 48 c1 e8 03 49 23 c0 c3 48 8b 02 48 8b
  0x00007ffaf91dfd80:   d1 49 8b c8 48 ff a0 00 01 00 00 cc cc cc cc cc
  0x00007ffaf91dfd90:   48 8b 51 08 33 c0 48 3b 15 33 7d a5 00 48 0f 44
  0x00007ffaf91dfda0:   d0 48 85 d2 74 07 48 8b 42 10 48 2b 02 48 8b 51
  0x00007ffaf91dfdb0:   30 48 85 d2 74 0a 48 8b 4a 10 48 2b 0a 48 03 c1
  0x00007ffaf91dfdc0:   c3 cc cc cc cc cc cc cc cc cc cc cc cc cc cc cc
  0x00007ffaf91dfdd0:   48 89 4c 24 08 48 89 54 24 10 4c 89 44 24 18 4c
  0x00007ffaf91dfde0:   89 4c 24 20 48 83 ec 28 4c 8b c1 4c 8d 4c 24 38
  0x00007ffaf91dfdf0:   48 8d 0d 59 7d a5 00 ba 01 00 00 00 e8 9f 59 2f
  0x00007ffaf91dfe00:   00 48 83 c4 28 c3 cc cc cc cc cc cc cc cc cc cc
  0x00007ffaf91dfe10:   48 89 4c 24 08 48 89 54 24 10 4c 89 44 24 18 4c


Stack slot to memory mapping:

stack at sp + 0 slots: 0x00007ffaf9226e4e jvm.dll
stack at sp + 1 slots: 0x0000000000000001 is an unknown value
stack at sp + 2 slots: 0x000000009f24c7d0 is a pointer to class: 
java.util.LinkedHashMap {0x000000009f24c7d8}
 - instance size:     8
 - klass size:        173
 - access:            public synchronized 
 - flags:             rewritten has_nonstatic_fields has_nonstatic_concrete_methods defined_by_boot_loader has_localvariable_table has_miranda_methods has_final_method 
 - state:             fully_initialized
 - name:              'java/util/LinkedHashMap'
 - super:             'java/util/HashMap'
 - sub:               'org/eclipse/jdt/internal/corext/util/LRUMap'   'org/eclipse/lsp4j/FormattingOptions'   'org/eclipse/jdt/ls/core/internal/handlers/ResponseStore$1'   'org/eclipse/ltk/internal/core/refactoring/history/RefactoringHistoryService$1'   (0 more klasses...)
 - arrays:            'java/util/LinkedHashMap'[]
 - methods:           Array<T>(0x000000009f89fed8)
 - method ordering:   Array<T>(0x000000009f6c6248)
 - default_methods:   Array<T>(0x000000009f8a06c8)
 - default vtable indices:   Array<T>(0x000000009f6c62e0)
 - local interfaces:  Array<T>(0x000000009f8a06f0)
 - trans. interfaces: Array<T>(0x000000009f8a0700)
 - secondary supers: Array<T>(0x000000009f89dca0)
 - hash_slot:         17
 - secondary bitmap: 0x0200002100000001
 - constants:         constant pool [386] {0x000000009f89e378} for 'java/util/LinkedHashMap' cache=0x000000009f24db38
 - class loader data:  loader data: 0x000002167ad22860 of 'bootstrap'
 - source file:       'LinkedHashMap.java'
 - generic signature: '<K:Ljava/lang/Object;V:Ljava/lang/Object;>Ljava/util/HashMap<TK;TV;>;Ljava/util/SequencedMap<TK;TV;>;'
 - inner classes:     Array<T>(0x000000009f6c6140)
 - nest members:     Array<T>(0x000000009f6c6340)
 - permitted subclasses:     Array<T>(0x000000009f69fb40)
 - java mirror:       a 'java/lang/Class'{0x00000004010e6698} = 'java/util/LinkedHashMap'
 - vtable length      59  (start addr: 0x000000009f24c9a8)
 - itable length      53 (start addr: 0x000000009f24cb80)
 - ---- static fields (3 words):
 - private static final 'serialVersionUID' 'J' @120 
 - static final 'PUT_NORM' 'I' @128 
 - static final 'PUT_FIRST' 'I' @132 
 - static final 'PUT_LAST' 'I' @136 
 - ---- non-static fields (12 words):
 - transient 'keySet' 'Ljava/util/Set;' @12 
 - transient 'values' 'Ljava/util/Collection;' @16 
 - transient 'table' '[Ljava/util/HashMap$Node;' @20 
 - transient 'entrySet' 'Ljava/util/Set;' @24 
 - transient 'size' 'I' @28 
 - transient 'modCount' 'I' @32 
 - 'threshold' 'I' @36 
 - final 'loadFactor' 'F' @40 
 - transient 'putMode' 'I' @44 
 - final 'accessOrder' 'Z' @48 
 - transient 'head' 'Ljava/util/LinkedHashMap$Entry;' @52 
 - transient 'tail' 'Ljava/util/LinkedHashMap$Entry;' @56 
 - non-static oop maps (2 entries): 12-24 52-56 
stack at sp + 3 slots: 0x00000022fc3ff390 points into unknown readable memory: 0x0000000000000040 | 40 00 00 00 00 00 00 00
stack at sp + 4 slots: 0x00000000a024ea70 is a pointer to class: 
stack at sp + 5 slots: 0x000002167cede20d points into unknown readable memory: ff ff ff
stack at sp + 6 slots: 0x0000021629f6ba40 points into unknown readable memory: 0x0000010000000000 | 00 00 00 00 00 01 00 00
stack at sp + 7 slots: 0x00000022fc3ff3e0 points into unknown readable memory: 0x000000041ac54c45 | 45 4c c5 1a 04 00 00 00


---------------  P R O C E S S  ---------------

Threads class SMR info:
_java_thread_list=0x00000216297a3610, length=65, elements={
0x0000021670cbd880, 0x000002167adf7460, 0x000002167adf7c20, 0x000002167adf9540,
0x0000021670d66ba0, 0x00000216218d2f10, 0x00000216218d4e50, 0x000002167ae0be90,
0x00000216218eb600, 0x00000216218d94a0, 0x00000216218d65c0, 0x000002167adfdbd0,
0x0000021626b0ae40, 0x0000021626b8cf90, 0x0000021626b8a880, 0x0000021626b8b050,
0x0000021627234140, 0x0000021627231a30, 0x0000021627710cb0, 0x0000021629131510,
0x0000021629132c80, 0x0000021629133c20, 0x000002162a09cd10, 0x0000021629f32150,
0x00000216219b1180, 0x000002162d3c4c20, 0x000002162c8fac60, 0x00000216274ca580,
0x00000216374241e0, 0x000002162d9007c0, 0x000002162d8ff050, 0x000002162c8fb430,
0x000002162d900f90, 0x0000021626c8db60, 0x000002162d3c6b60, 0x00000216366ad360,
0x00000216265853f0, 0x000002162d680990, 0x0000021621b84320, 0x00000216389a3ab0,
0x00000216382ad0e0, 0x000002162d9060b0, 0x000002163b851180, 0x00000216389a4280,
0x000002163c792080, 0x0000021628364b50, 0x00000216366adb30, 0x00000216366ac3c0,
0x00000216389a1b70, 0x000002162a55eb50, 0x0000021628365320, 0x000002163f901e20,
0x00000216292cb5c0, 0x0000021639018be0, 0x000002163f9025f0, 0x0000021628367260,
0x000002162d3c7330, 0x00000216374222a0, 0x000002162d3c4450, 0x0000021626198da0,
0x0000021639710b80, 0x00000216390e8100, 0x0000021621b81440, 0x000002163f8687d0,
0x000002162d37b9d0
}

Java Threads: ( => current thread )
  0x0000021670cbd880 JavaThread "main"                              [_thread_blocked, id=11424, stack(0x00000022f9a00000,0x00000022f9b00000) (1024K)]
  0x000002167adf7460 JavaThread "Reference Handler"          daemon [_thread_blocked, id=3576, stack(0x00000022fa200000,0x00000022fa300000) (1024K)]
  0x000002167adf7c20 JavaThread "Finalizer"                  daemon [_thread_blocked, id=20064, stack(0x00000022fa300000,0x00000022fa400000) (1024K)]
  0x000002167adf9540 JavaThread "Signal Dispatcher"          daemon [_thread_blocked, id=1504, stack(0x00000022fa400000,0x00000022fa500000) (1024K)]
  0x0000021670d66ba0 JavaThread "Attach Listener"            daemon [_thread_blocked, id=3732, stack(0x00000022fa500000,0x00000022fa600000) (1024K)]
  0x00000216218d2f10 JavaThread "Service Thread"             daemon [_thread_blocked, id=8372, stack(0x00000022fa600000,0x00000022fa700000) (1024K)]
  0x00000216218d4e50 JavaThread "Monitor Deflation Thread"   daemon [_thread_blocked, id=23664, stack(0x00000022fa700000,0x00000022fa800000) (1024K)]
  0x000002167ae0be90 JavaThread "C2 CompilerThread0"         daemon [_thread_blocked, id=16592, stack(0x00000022fa800000,0x00000022fa900000) (1024K)]
  0x00000216218eb600 JavaThread "C1 CompilerThread0"         daemon [_thread_blocked, id=1972, stack(0x00000022fa900000,0x00000022faa00000) (1024K)]
  0x00000216218d94a0 JavaThread "Common-Cleaner"             daemon [_thread_blocked, id=7020, stack(0x00000022fae00000,0x00000022faf00000) (1024K)]
  0x00000216218d65c0 JavaThread "Notification Thread"        daemon [_thread_blocked, id=11080, stack(0x00000022faf00000,0x00000022fb000000) (1024K)]
  0x000002167adfdbd0 JavaThread "Active Thread: Equinox Container: e240964a-5c8d-463d-b6c9-7ad9d5573c6b"        [_thread_blocked, id=10624, stack(0x00000022fb300000,0x00000022fb400000) (1024K)]
  0x0000021626b0ae40 JavaThread "Framework Event Dispatcher: Equinox Container: e240964a-5c8d-463d-b6c9-7ad9d5573c6b" daemon [_thread_blocked, id=10684, stack(0x00000022fca00000,0x00000022fcb00000) (1024K)]
  0x0000021626b8cf90 JavaThread "Start Level: Equinox Container: e240964a-5c8d-463d-b6c9-7ad9d5573c6b" daemon [_thread_blocked, id=2208, stack(0x00000022fcb00000,0x00000022fcc00000) (1024K)]
  0x0000021626b8a880 JavaThread "Bundle File Closer"         daemon [_thread_blocked, id=23940, stack(0x00000022fcc00000,0x00000022fcd00000) (1024K)]
  0x0000021626b8b050 JavaThread "SCR Component Actor"        daemon [_thread_blocked, id=18888, stack(0x00000022fcd00000,0x00000022fce00000) (1024K)]
  0x0000021627234140 JavaThread "Worker-JM"                         [_thread_blocked, id=6328, stack(0x00000022fb100000,0x00000022fb200000) (1024K)]
  0x0000021627231a30 JavaThread "JNA Cleaner"                daemon [_thread_blocked, id=1928, stack(0x00000022fcf00000,0x00000022fd000000) (1024K)]
  0x0000021627710cb0 JavaThread "Java indexing"              daemon [_thread_blocked, id=7916, stack(0x00000022fd700000,0x00000022fd800000) (1024K)]
  0x0000021629131510 JavaThread "pool-2-thread-1"                   [_thread_blocked, id=12304, stack(0x00000022fdf00000,0x00000022fe000000) (1024K)]
  0x0000021629132c80 JavaThread "WorkspaceEventsHandler"            [_thread_blocked, id=2532, stack(0x00000022fe000000,0x00000022fe100000) (1024K)]
  0x0000021629133c20 JavaThread "pool-1-thread-1"                   [_thread_blocked, id=1144, stack(0x00000022fe100000,0x00000022fe200000) (1024K)]
  0x000002162a09cd10 JavaThread "Refresh Thread: Equinox Container: e240964a-5c8d-463d-b6c9-7ad9d5573c6b" daemon [_thread_blocked, id=11232, stack(0x0000002280300000,0x0000002280400000) (1024K)]
  0x0000021629f32150 JavaThread "Timer-0"                           [_thread_blocked, id=7992, stack(0x0000002282400000,0x0000002282500000) (1024K)]
  0x00000216219b1180 JavaThread "Worker-38"                         [_thread_blocked, id=19388, stack(0x0000002283500000,0x0000002283600000) (1024K)]
  0x000002162d3c4c20 JavaThread "ForkJoinPool.commonPool-worker-512" daemon [_thread_blocked, id=26372, stack(0x0000002280000000,0x0000002280100000) (1024K)]
  0x000002162c8fac60 JavaThread "ForkJoinPool.commonPool-worker-513" daemon [_thread_blocked, id=26580, stack(0x0000002280100000,0x0000002280200000) (1024K)]
  0x00000216274ca580 JavaThread "ForkJoinPool.commonPool-worker-514" daemon [_thread_blocked, id=24368, stack(0x0000002280200000,0x0000002280300000) (1024K)]
  0x00000216374241e0 JavaThread "ForkJoinPool.commonPool-worker-515" daemon [_thread_blocked, id=25228, stack(0x0000002280400000,0x0000002280500000) (1024K)]
  0x000002162d9007c0 JavaThread "ForkJoinPool.commonPool-worker-516" daemon [_thread_blocked, id=16228, stack(0x0000002280500000,0x0000002280600000) (1024K)]
  0x000002162d8ff050 JavaThread "ForkJoinPool.commonPool-worker-517" daemon [_thread_blocked, id=15860, stack(0x0000002280600000,0x0000002280700000) (1024K)]
  0x000002162c8fb430 JavaThread "ForkJoinPool.commonPool-worker-518" daemon [_thread_blocked, id=9496, stack(0x0000002280700000,0x0000002280800000) (1024K)]
  0x000002162d900f90 JavaThread "ForkJoinPool.commonPool-worker-519" daemon [_thread_blocked, id=25328, stack(0x0000002280800000,0x0000002280900000) (1024K)]
  0x0000021626c8db60 JavaThread "ForkJoinPool.commonPool-worker-520" daemon [_thread_blocked, id=12564, stack(0x0000002280900000,0x0000002280a00000) (1024K)]
  0x000002162d3c6b60 JavaThread "ForkJoinPool.commonPool-worker-521" daemon [_thread_blocked, id=20628, stack(0x0000002280a00000,0x0000002280b00000) (1024K)]
  0x00000216366ad360 JavaThread "ForkJoinPool.commonPool-worker-522" daemon [_thread_blocked, id=8324, stack(0x0000002280b00000,0x0000002280c00000) (1024K)]
  0x00000216265853f0 JavaThread "ForkJoinPool.commonPool-worker-523" daemon [_thread_blocked, id=26320, stack(0x0000002280c00000,0x0000002280d00000) (1024K)]
  0x000002162d680990 JavaThread "ForkJoinPool.commonPool-worker-524" daemon [_thread_blocked, id=26416, stack(0x0000002280d00000,0x0000002280e00000) (1024K)]
  0x0000021621b84320 JavaThread "ForkJoinPool.commonPool-worker-525" daemon [_thread_blocked, id=13196, stack(0x0000002280e00000,0x0000002280f00000) (1024K)]
  0x00000216389a3ab0 JavaThread "ForkJoinPool.commonPool-worker-526" daemon [_thread_blocked, id=23212, stack(0x0000002280f00000,0x0000002281000000) (1024K)]
  0x00000216382ad0e0 JavaThread "ForkJoinPool.commonPool-worker-527" daemon [_thread_blocked, id=25788, stack(0x0000002281000000,0x0000002281100000) (1024K)]
  0x000002162d9060b0 JavaThread "ForkJoinPool.commonPool-worker-528" daemon [_thread_blocked, id=25704, stack(0x0000002281100000,0x0000002281200000) (1024K)]
  0x000002163b851180 JavaThread "ForkJoinPool.commonPool-worker-529" daemon [_thread_blocked, id=21372, stack(0x0000002281200000,0x0000002281300000) (1024K)]
  0x00000216389a4280 JavaThread "ForkJoinPool.commonPool-worker-530" daemon [_thread_blocked, id=7892, stack(0x0000002281300000,0x0000002281400000) (1024K)]
  0x000002163c792080 JavaThread "ForkJoinPool.commonPool-worker-531" daemon [_thread_blocked, id=11016, stack(0x0000002281400000,0x0000002281500000) (1024K)]
  0x0000021628364b50 JavaThread "ForkJoinPool.commonPool-worker-532" daemon [_thread_blocked, id=23836, stack(0x0000002281500000,0x0000002281600000) (1024K)]
  0x00000216366adb30 JavaThread "ForkJoinPool.commonPool-worker-533" daemon [_thread_blocked, id=4896, stack(0x0000002281700000,0x0000002281800000) (1024K)]
  0x00000216366ac3c0 JavaThread "ForkJoinPool.commonPool-worker-534" daemon [_thread_blocked, id=27236, stack(0x0000002281800000,0x0000002281900000) (1024K)]
  0x00000216389a1b70 JavaThread "ForkJoinPool.commonPool-worker-535" daemon [_thread_blocked, id=26756, stack(0x0000002281900000,0x0000002281a00000) (1024K)]
  0x000002162a55eb50 JavaThread "ForkJoinPool.commonPool-worker-536" daemon [_thread_blocked, id=1540, stack(0x0000002281a00000,0x0000002281b00000) (1024K)]
  0x0000021628365320 JavaThread "ForkJoinPool.commonPool-worker-537" daemon [_thread_blocked, id=23216, stack(0x0000002281b00000,0x0000002281c00000) (1024K)]
  0x000002163f901e20 JavaThread "ForkJoinPool.commonPool-worker-538" daemon [_thread_blocked, id=5716, stack(0x0000002281c00000,0x0000002281d00000) (1024K)]
  0x00000216292cb5c0 JavaThread "ForkJoinPool.commonPool-worker-539" daemon [_thread_blocked, id=25944, stack(0x0000002281d00000,0x0000002281e00000) (1024K)]
  0x0000021639018be0 JavaThread "ForkJoinPool.commonPool-worker-540" daemon [_thread_blocked, id=24428, stack(0x0000002281e00000,0x0000002281f00000) (1024K)]
  0x000002163f9025f0 JavaThread "ForkJoinPool.commonPool-worker-541" daemon [_thread_blocked, id=7116, stack(0x0000002281f00000,0x0000002282000000) (1024K)]
  0x0000021628367260 JavaThread "ForkJoinPool.commonPool-worker-542" daemon [_thread_blocked, id=8504, stack(0x0000002282000000,0x0000002282100000) (1024K)]
  0x000002162d3c7330 JavaThread "Compiler Source File Reader" daemon [_thread_blocked, id=3180, stack(0x0000002282500000,0x0000002282600000) (1024K)]
  0x00000216374222a0 JavaThread "Compiler Source File Reader" daemon [_thread_blocked, id=1980, stack(0x0000002282100000,0x0000002282200000) (1024K)]
  0x000002162d3c4450 JavaThread "Worker-42"                         [_thread_blocked, id=26872, stack(0x0000002282200000,0x0000002282300000) (1024K)]
  0x0000021626198da0 JavaThread "Compiler Source File Reader" daemon [_thread_blocked, id=2812, stack(0x0000002282300000,0x0000002282400000) (1024K)]
  0x0000021639710b80 JavaThread "Worker-43"                         [_thread_blocked, id=27144, stack(0x0000002281600000,0x0000002281700000) (1024K)]
  0x00000216390e8100 JavaThread "Compiler Source File Reader" daemon [_thread_blocked, id=8804, stack(0x0000002282600000,0x0000002282700000) (1024K)]
  0x0000021621b81440 JavaThread "Compiler Processing Task"   daemon [_thread_blocked, id=2800, stack(0x0000002282700000,0x0000002282800000) (1024K)]
  0x000002163f8687d0 JavaThread "Worker-44"                         [_thread_blocked, id=27120, stack(0x0000002282a00000,0x0000002282b00000) (1024K)]
  0x000002162d37b9d0 JavaThread "Compiler Source File Reader" daemon [_thread_blocked, id=2816, stack(0x0000002282800000,0x0000002282900000) (1024K)]
Total: 65

Other Threads:
  0x000002167ade1c30 VMThread "VM Thread"                           [id=2828, stack(0x00000022fa100000,0x00000022fa200000) (1024K)]
  0x00000216218d1b10 WatcherThread "VM Periodic Task Thread"        [id=7344, stack(0x00000022fa000000,0x00000022fa100000) (1024K)]
  0x000002167ac90830 WorkerThread "GC Thread#0"                     [id=9532, stack(0x00000022f9b00000,0x00000022f9c00000) (1024K)]
  0x0000021626914ad0 WorkerThread "GC Thread#1"                     [id=6524, stack(0x00000022fb400000,0x00000022fb500000) (1024K)]
  0x0000021626ae05f0 WorkerThread "GC Thread#2"                     [id=3140, stack(0x00000022fb500000,0x00000022fb600000) (1024K)]
  0x00000216268d8350 WorkerThread "GC Thread#3"                     [id=10620, stack(0x00000022fb600000,0x00000022fb700000) (1024K)]
  0x00000216268d9390 WorkerThread "GC Thread#4"                     [id=24224, stack(0x00000022fb700000,0x00000022fb800000) (1024K)]
  0x00000216268d9bc0 WorkerThread "GC Thread#5"                     [id=9692, stack(0x00000022fb800000,0x00000022fb900000) (1024K)]
  0x00000216268df9a0 WorkerThread "GC Thread#6"                     [id=7940, stack(0x00000022fb900000,0x00000022fba00000) (1024K)]
  0x00000216268e0690 WorkerThread "GC Thread#7"                     [id=9460, stack(0x00000022fba00000,0x00000022fbb00000) (1024K)]
  0x00000216268e0ae0 WorkerThread "GC Thread#8"                     [id=17048, stack(0x00000022fbb00000,0x00000022fbc00000) (1024K)]
  0x00000216268e17d0 WorkerThread "GC Thread#9"                     [id=10524, stack(0x00000022fbc00000,0x00000022fbd00000) (1024K)]
  0x00000216268e0240 WorkerThread "GC Thread#10"                    [id=21992, stack(0x00000022fbd00000,0x00000022fbe00000) (1024K)]
  0x00000216268dfdf0 WorkerThread "GC Thread#11"                    [id=6848, stack(0x00000022fbe00000,0x00000022fbf00000) (1024K)]
  0x00000216268e0f30 WorkerThread "GC Thread#12"                    [id=13764, stack(0x00000022fbf00000,0x00000022fc000000) (1024K)]
  0x00000216268df550 WorkerThread "GC Thread#13"                    [id=16224, stack(0x00000022fc000000,0x00000022fc100000) (1024K)]
  0x00000216268e1380 WorkerThread "GC Thread#14"                    [id=7368, stack(0x00000022fc100000,0x00000022fc200000) (1024K)]
  0x00000216268de860 WorkerThread "GC Thread#15"                    [id=11268, stack(0x00000022fc200000,0x00000022fc300000) (1024K)]
=>0x00000216268e1c20 WorkerThread "GC Thread#16"                    [id=6844, stack(0x00000022fc300000,0x00000022fc400000) (1024K)]
  0x00000216268df100 WorkerThread "GC Thread#17"                    [id=2120, stack(0x00000022fc400000,0x00000022fc500000) (1024K)]
  0x00000216268e2070 WorkerThread "GC Thread#18"                    [id=4164, stack(0x00000022fc500000,0x00000022fc600000) (1024K)]
  0x00000216268decb0 WorkerThread "GC Thread#19"                    [id=8940, stack(0x00000022fc600000,0x00000022fc700000) (1024K)]
  0x0000021626b0e1d0 WorkerThread "GC Thread#20"                    [id=21512, stack(0x00000022fc700000,0x00000022fc800000) (1024K)]
  0x0000021626b108a0 WorkerThread "GC Thread#21"                    [id=11008, stack(0x00000022fc800000,0x00000022fc900000) (1024K)]
  0x0000021626b0ea70 WorkerThread "GC Thread#22"                    [id=24328, stack(0x00000022fc900000,0x00000022fca00000) (1024K)]
  0x0000021670d44b60 ConcurrentGCThread "G1 Main Marker"            [id=2364, stack(0x00000022f9c00000,0x00000022f9d00000) (1024K)]
  0x0000021670d45700 WorkerThread "G1 Conc#0"                       [id=6436, stack(0x00000022f9d00000,0x00000022f9e00000) (1024K)]
  0x0000021626b12b20 WorkerThread "G1 Conc#1"                       [id=22220, stack(0x00000022fd200000,0x00000022fd300000) (1024K)]
  0x0000021626b126d0 WorkerThread "G1 Conc#2"                       [id=15640, stack(0x00000022fd300000,0x00000022fd400000) (1024K)]
  0x0000021626b133c0 WorkerThread "G1 Conc#3"                       [id=2520, stack(0x00000022fd400000,0x00000022fd500000) (1024K)]
  0x0000021626b14500 WorkerThread "G1 Conc#4"                       [id=5768, stack(0x00000022fd500000,0x00000022fd600000) (1024K)]
  0x0000021626b140b0 WorkerThread "G1 Conc#5"                       [id=4148, stack(0x00000022fd600000,0x00000022fd700000) (1024K)]
  0x000002167ad241f0 ConcurrentGCThread "G1 Refine#0"               [id=15312, stack(0x00000022f9e00000,0x00000022f9f00000) (1024K)]
  0x000002167ad28810 ConcurrentGCThread "G1 Service"                [id=6704, stack(0x00000022f9f00000,0x00000022fa000000) (1024K)]
Total: 34

Threads with active compile tasks:
Total: 0

VM state: at safepoint (normal execution)

VM Mutex/Monitor currently owned by a thread:  ([mutex/lock_event])
[0x00007ffaf9c66368] Threads_lock - owner thread: 0x000002167ade1c30
[0x00007ffaf9c664e8] Heap_lock - owner thread: 0x00000216292cb5c0

Heap address: 0x0000000401000000, size: 16368 MB, Compressed Oops mode: Zero based, Oop shift amount: 3

CDS archive(s) mapped at: [0x000000009f000000-0x000000009fdd0000-0x000000009fdd0000), size 14483456, SharedBaseAddress: 0x000000009f000000, ArchiveRelocationMode: 1.
Compressed class space mapped at: 0x00000000a0000000-0x00000000e0000000, reserved size: 1073741824
UseCompressedClassPointers 1, UseCompactObjectHeaders 0
Narrow klass pointer bits 32, Max shift 3
Narrow klass base: 0x000000009f000000, Narrow klass shift: 0
Encoding Range: [0x000000009f000000 - 0x000000019f000000), (4294967296 bytes)
Klass Range:    [0x000000009f010000 - 0x00000000e0000000), (1090453504 bytes)
Klass ID Range:  [65536 - 1090519033) (1090453497)
Protection zone: [0x000000009f000000 - 0x000000009f010000), (65536 bytes)

GC Precious Log:
 CardTable entry size: 512
 Card Set container configuration: InlinePtr #cards 4 size 8 Array Of Cards #cards 64 size 144 Howl #buckets 8 coarsen threshold 14745 Howl Bitmap #cards 2048 size 272 coarsen threshold 1843 Card regions per heap region 1 cards per card region 16384
 CPUs: 32 total, 32 available
 Memory: 65446M
 Large Page Support: Disabled
 NUMA Support: Disabled
 Compressed Oops: Enabled (Zero based)
 Heap Region Size: 8M
 Heap Min Capacity: 1G
 Heap Initial Capacity: 1G
 Heap Max Capacity: 16368M
 Pre-touch: Disabled
 Parallel Workers: 23
 Concurrent Workers: 6
 Concurrent Refinement Workers: 23
 Periodic GC: Disabled

Heap:
 garbage-first heap   total reserved 16760832K, committed 1228800K, used 979540K [0x0000000401000000, 0x0000000800000000)
  region size 8192K, 75 young (614400K), 10 survivors (81920K)

Heap Regions: E=young(eden), S=young(survivor), O=old, HS=humongous(starts), HC=humongous(continues), CS=collection set, F=free, TAMS=top-at-mark-start, PB=parsable bottom
|   0|0x0000000401000000, 0x0000000401800000, 0x0000000401800000|100%| O|  |TAMS 0x0000000401000000| PB 0x0000000401000000| Untracked |  0
|   1|0x0000000401800000, 0x0000000402000000, 0x0000000402000000|100%| O|  |TAMS 0x0000000401800000| PB 0x0000000401800000| Untracked |  0
|   2|0x0000000402000000, 0x0000000402800000, 0x0000000402800000|100%| O|  |TAMS 0x0000000402000000| PB 0x0000000402000000| Untracked |  0
|   3|0x0000000402800000, 0x0000000403000000, 0x0000000403000000|100%| O|  |TAMS 0x0000000402800000| PB 0x0000000402800000| Untracked |  0
|   4|0x0000000403000000, 0x0000000403800000, 0x0000000403800000|100%| O|  |TAMS 0x0000000403000000| PB 0x0000000403000000| Untracked |  0
|   5|0x0000000403800000, 0x0000000404000000, 0x0000000404000000|100%| O|  |TAMS 0x0000000403800000| PB 0x0000000403800000| Untracked |  0
|   6|0x0000000404000000, 0x0000000404800000, 0x0000000404800000|100%| O|  |TAMS 0x0000000404000000| PB 0x0000000404000000| Untracked |  0
|   7|0x0000000404800000, 0x0000000405000000, 0x0000000405000000|100%| O|  |TAMS 0x0000000404800000| PB 0x0000000404800000| Untracked |  0
|   8|0x0000000405000000, 0x0000000405800000, 0x0000000405800000|100%| O|CS|TAMS 0x0000000405000000| PB 0x0000000405000000| Complete |  0
|   9|0x0000000405800000, 0x0000000406000000, 0x0000000406000000|100%| O|  |TAMS 0x0000000405800000| PB 0x0000000405800000| Untracked |  0
|  10|0x0000000406000000, 0x0000000406800000, 0x0000000406800000|100%| O|  |TAMS 0x0000000406000000| PB 0x0000000406000000| Untracked |  0
|  11|0x0000000406800000, 0x0000000407000000, 0x0000000407000000|100%| O|CS|TAMS 0x0000000406800000| PB 0x0000000406800000| Complete |  0
|  12|0x0000000407000000, 0x0000000407800000, 0x0000000407800000|100%| O|  |TAMS 0x0000000407000000| PB 0x0000000407000000| Untracked |  0
|  13|0x0000000407800000, 0x0000000408000000, 0x0000000408000000|100%| O|CS|TAMS 0x0000000407800000| PB 0x0000000407800000| Complete |  0
|  14|0x0000000408000000, 0x0000000408800000, 0x0000000408800000|100%| O|  |TAMS 0x0000000408000000| PB 0x0000000408000000| Untracked |  0
|  15|0x0000000408800000, 0x0000000408e34ba0, 0x0000000409000000| 77%| O|CS|TAMS 0x0000000408800000| PB 0x0000000408800000| Complete |  0
|  16|0x0000000409000000, 0x0000000409800000, 0x0000000409800000|100%| O|  |TAMS 0x0000000409000000| PB 0x0000000409000000| Untracked |  0
|  17|0x0000000409800000, 0x000000040a000000, 0x000000040a000000|100%| O|  |TAMS 0x0000000409800000| PB 0x0000000409800000| Untracked |  0
|  18|0x000000040a000000, 0x000000040a800000, 0x000000040a800000|100%| O|  |TAMS 0x000000040a000000| PB 0x000000040a000000| Untracked |  0
|  19|0x000000040a800000, 0x000000040b000000, 0x000000040b000000|100%| O|  |TAMS 0x000000040a800000| PB 0x000000040a800000| Untracked |  0
|  20|0x000000040b000000, 0x000000040b800000, 0x000000040b800000|100%| O|  |TAMS 0x000000040b000000| PB 0x000000040b000000| Untracked |  0
|  21|0x000000040b800000, 0x000000040c000000, 0x000000040c000000|100%| O|  |TAMS 0x000000040b800000| PB 0x000000040b800000| Untracked |  0
|  22|0x000000040c000000, 0x000000040c800000, 0x000000040c800000|100%| O|  |TAMS 0x000000040c000000| PB 0x000000040c000000| Untracked |  0
|  23|0x000000040c800000, 0x000000040d000000, 0x000000040d000000|100%| O|CS|TAMS 0x000000040c800000| PB 0x000000040c800000| Complete |  0
|  24|0x000000040d000000, 0x000000040d800000, 0x000000040d800000|100%| O|  |TAMS 0x000000040d000000| PB 0x000000040d000000| Untracked |  0
|  25|0x000000040d800000, 0x000000040e000000, 0x000000040e000000|100%| O|  |TAMS 0x000000040d800000| PB 0x000000040d800000| Untracked |  0
|  26|0x000000040e000000, 0x000000040e800000, 0x000000040e800000|100%| O|  |TAMS 0x000000040e000000| PB 0x000000040e000000| Untracked |  0
|  27|0x000000040e800000, 0x000000040f000000, 0x000000040f000000|100%| O|CS|TAMS 0x000000040e800000| PB 0x000000040e800000| Complete |  0
|  28|0x000000040f000000, 0x000000040f800000, 0x000000040f800000|100%| O|CS|TAMS 0x000000040f000000| PB 0x000000040f000000| Complete |  0
|  29|0x000000040f800000, 0x0000000410000000, 0x0000000410000000|100%| O|  |TAMS 0x000000040f800000| PB 0x000000040f800000| Untracked |  0
|  30|0x0000000410000000, 0x0000000410800000, 0x0000000410800000|100%| O|  |TAMS 0x0000000410000000| PB 0x0000000410000000| Untracked |  0
|  31|0x0000000410800000, 0x0000000411000000, 0x0000000411000000|100%| O|  |TAMS 0x0000000410800000| PB 0x0000000410800000| Untracked |  0
|  32|0x0000000411000000, 0x0000000411800000, 0x0000000411800000|100%| O|CS|TAMS 0x0000000411000000| PB 0x0000000411000000| Complete |  0
|  33|0x0000000411800000, 0x0000000412000000, 0x0000000412000000|100%| O|CS|TAMS 0x0000000411800000| PB 0x0000000411800000| Complete |  0
|  34|0x0000000412000000, 0x0000000412800000, 0x0000000412800000|100%| O|  |TAMS 0x0000000412000000| PB 0x0000000412000000| Untracked |  0
|  35|0x0000000412800000, 0x0000000413000000, 0x0000000413000000|100%| O|  |TAMS 0x0000000412800000| PB 0x0000000412800000| Untracked |  0
|  36|0x0000000413000000, 0x0000000413800000, 0x0000000413800000|100%| O|  |TAMS 0x0000000413000000| PB 0x0000000413000000| Untracked |  0
|  37|0x0000000413800000, 0x0000000414000000, 0x0000000414000000|100%| O|  |TAMS 0x0000000413800000| PB 0x0000000413800000| Untracked |  0
|  38|0x0000000414000000, 0x0000000414800000, 0x0000000414800000|100%| O|  |TAMS 0x0000000414000000| PB 0x0000000414000000| Untracked |  0
|  39|0x0000000414800000, 0x0000000415000000, 0x0000000415000000|100%| O|  |TAMS 0x0000000414800000| PB 0x0000000414800000| Untracked |  0
|  40|0x0000000415000000, 0x0000000415800000, 0x0000000415800000|100%| O|  |TAMS 0x0000000415000000| PB 0x0000000415000000| Untracked |  0
|  41|0x0000000415800000, 0x0000000416000000, 0x0000000416000000|100%| O|  |TAMS 0x0000000415800000| PB 0x0000000415800000| Untracked |  0
|  42|0x0000000416000000, 0x0000000416800000, 0x0000000416800000|100%| O|  |TAMS 0x0000000416000000| PB 0x0000000416000000| Untracked |  0
|  43|0x0000000416800000, 0x0000000417000000, 0x0000000417000000|100%| O|  |TAMS 0x0000000416800000| PB 0x0000000416800000| Untracked |  0
|  44|0x0000000417000000, 0x0000000417800000, 0x0000000417800000|100%| O|  |TAMS 0x0000000417000000| PB 0x0000000417000000| Untracked |  0
|  45|0x0000000417800000, 0x0000000418000000, 0x0000000418000000|100%| O|  |TAMS 0x0000000417800000| PB 0x0000000417800000| Untracked |  0
|  46|0x0000000418000000, 0x0000000418800000, 0x0000000418800000|100%| O|  |TAMS 0x0000000418000000| PB 0x0000000418000000| Untracked |  0
|  47|0x0000000418800000, 0x0000000419000000, 0x0000000419000000|100%| O|  |TAMS 0x0000000418800000| PB 0x0000000418800000| Untracked |  0
|  48|0x0000000419000000, 0x0000000419800000, 0x0000000419800000|100%| O|  |TAMS 0x0000000419000000| PB 0x0000000419000000| Untracked |  0
|  49|0x0000000419800000, 0x000000041a000000, 0x000000041a000000|100%| O|  |TAMS 0x0000000419800000| PB 0x0000000419800000| Untracked |  0
|  50|0x000000041a000000, 0x000000041a800000, 0x000000041a800000|100%| O|  |TAMS 0x000000041a000000| PB 0x000000041a000000| Untracked |  0
|  51|0x000000041a800000, 0x000000041b000000, 0x000000041b000000|100%| O|  |TAMS 0x000000041a800000| PB 0x000000041a800000| Untracked |  0
|  52|0x000000041b000000, 0x000000041b800000, 0x000000041b800000|100%| O|  |TAMS 0x000000041b000000| PB 0x000000041b000000| Untracked |  0
|  53|0x000000041b800000, 0x000000041c000000, 0x000000041c000000|100%| O|  |TAMS 0x000000041b800000| PB 0x000000041b800000| Untracked |  0
|  54|0x000000041c000000, 0x000000041c800000, 0x000000041c800000|100%| O|  |TAMS 0x000000041c000000| PB 0x000000041c000000| Untracked |  0
|  55|0x000000041c800000, 0x000000041d000000, 0x000000041d000000|100%| O|  |TAMS 0x000000041c800000| PB 0x000000041c800000| Untracked |  0
|  56|0x000000041d000000, 0x000000041d800000, 0x000000041d800000|100%| O|  |TAMS 0x000000041d000000| PB 0x000000041d000000| Untracked |  0
|  57|0x000000041d800000, 0x000000041e000000, 0x000000041e000000|100%| O|  |TAMS 0x000000041d800000| PB 0x000000041d800000| Untracked |  0
|  58|0x000000041e000000, 0x000000041e800000, 0x000000041e800000|100%| E|CS|TAMS 0x000000041e000000| PB 0x000000041e000000| Complete |  0
|  59|0x000000041e800000, 0x000000041f000000, 0x000000041f000000|100%| E|CS|TAMS 0x000000041e800000| PB 0x000000041e800000| Complete |  0
|  60|0x000000041f000000, 0x000000041f800000, 0x000000041f800000|100%| E|CS|TAMS 0x000000041f000000| PB 0x000000041f000000| Complete |  0
|  61|0x000000041f800000, 0x0000000420000000, 0x0000000420000000|100%| E|CS|TAMS 0x000000041f800000| PB 0x000000041f800000| Complete |  0
|  62|0x0000000420000000, 0x0000000420800000, 0x0000000420800000|100%| E|CS|TAMS 0x0000000420000000| PB 0x0000000420000000| Complete |  0
|  63|0x0000000420800000, 0x0000000421000000, 0x0000000421000000|100%| E|CS|TAMS 0x0000000420800000| PB 0x0000000420800000| Complete |  0
|  64|0x0000000421000000, 0x00000004212ec710, 0x0000000421800000| 36%| O|  |TAMS 0x0000000421000000| PB 0x0000000421000000| Untracked |  0
|  65|0x0000000421800000, 0x0000000421800000, 0x0000000422000000|  0%| F|  |TAMS 0x0000000421800000| PB 0x0000000421800000| Untracked |  0
|  66|0x0000000422000000, 0x0000000422000000, 0x0000000422800000|  0%| F|  |TAMS 0x0000000422000000| PB 0x0000000422000000| Untracked |  0
|  67|0x0000000422800000, 0x0000000423000000, 0x0000000423000000|100%| S|  |TAMS 0x0000000422800000| PB 0x0000000422800000| Complete |  0
|  68|0x0000000423000000, 0x0000000423800000, 0x0000000423800000|100%| O|  |TAMS 0x0000000423000000| PB 0x0000000423000000| Untracked |  0
|  69|0x0000000423800000, 0x0000000424000000, 0x0000000424000000|100%| E|CS|TAMS 0x0000000423800000| PB 0x0000000423800000| Complete |  0
|  70|0x0000000424000000, 0x0000000424800000, 0x0000000424800000|100%| E|CS|TAMS 0x0000000424000000| PB 0x0000000424000000| Complete |  0
|  71|0x0000000424800000, 0x0000000425000000, 0x0000000425000000|100%| E|CS|TAMS 0x0000000424800000| PB 0x0000000424800000| Complete |  0
|  72|0x0000000425000000, 0x0000000425800000, 0x0000000425800000|100%| E|CS|TAMS 0x0000000425000000| PB 0x0000000425000000| Complete |  0
|  73|0x0000000425800000, 0x0000000426000000, 0x0000000426000000|100%| E|CS|TAMS 0x0000000425800000| PB 0x0000000425800000| Complete |  0
|  74|0x0000000426000000, 0x0000000426800000, 0x0000000426800000|100%| S|  |TAMS 0x0000000426000000| PB 0x0000000426000000| Complete |  0
|  75|0x0000000426800000, 0x0000000427000000, 0x0000000427000000|100%| S|  |TAMS 0x0000000426800000| PB 0x0000000426800000| Complete |  0
|  76|0x0000000427000000, 0x0000000427800000, 0x0000000427800000|100%| S|  |TAMS 0x0000000427000000| PB 0x0000000427000000| Complete |  0
|  77|0x0000000427800000, 0x0000000428000000, 0x0000000428000000|100%| S|  |TAMS 0x0000000427800000| PB 0x0000000427800000| Complete |  0
|  78|0x0000000428000000, 0x0000000428800000, 0x0000000428800000|100%| S|  |TAMS 0x0000000428000000| PB 0x0000000428000000| Complete |  0
|  79|0x0000000428800000, 0x0000000429000000, 0x0000000429000000|100%| S|  |TAMS 0x0000000428800000| PB 0x0000000428800000| Complete |  0
|  80|0x0000000429000000, 0x0000000429800000, 0x0000000429800000|100%| S|  |TAMS 0x0000000429000000| PB 0x0000000429000000| Complete |  0
|  81|0x0000000429800000, 0x000000042a000000, 0x000000042a000000|100%| O|CS|TAMS 0x0000000429800000| PB 0x0000000429800000| Complete |  0
|  82|0x000000042a000000, 0x000000042a800000, 0x000000042a800000|100%| O|  |TAMS 0x000000042a000000| PB 0x000000042a000000| Untracked |  0
|  83|0x000000042a800000, 0x000000042b000000, 0x000000042b000000|100%| S|  |TAMS 0x000000042a800000| PB 0x000000042a800000| Complete |  0
|  84|0x000000042b000000, 0x000000042b800000, 0x000000042b800000|100%| S|  |TAMS 0x000000042b000000| PB 0x000000042b000000| Complete |  0
|  85|0x000000042b800000, 0x000000042c000000, 0x000000042c000000|100%| E|CS|TAMS 0x000000042b800000| PB 0x000000042b800000| Complete |  0
|  86|0x000000042c000000, 0x000000042c800000, 0x000000042c800000|100%| E|CS|TAMS 0x000000042c000000| PB 0x000000042c000000| Complete |  0
|  87|0x000000042c800000, 0x000000042d000000, 0x000000042d000000|100%| E|CS|TAMS 0x000000042c800000| PB 0x000000042c800000| Complete |  0
|  88|0x000000042d000000, 0x000000042d800000, 0x000000042d800000|100%| E|CS|TAMS 0x000000042d000000| PB 0x000000042d000000| Complete |  0
|  89|0x000000042d800000, 0x000000042e000000, 0x000000042e000000|100%| E|CS|TAMS 0x000000042d800000| PB 0x000000042d800000| Complete |  0
|  90|0x000000042e000000, 0x000000042e800000, 0x000000042e800000|100%| E|CS|TAMS 0x000000042e000000| PB 0x000000042e000000| Complete |  0
|  91|0x000000042e800000, 0x000000042f000000, 0x000000042f000000|100%| E|CS|TAMS 0x000000042e800000| PB 0x000000042e800000| Complete |  0
|  92|0x000000042f000000, 0x000000042f800000, 0x000000042f800000|100%| E|CS|TAMS 0x000000042f000000| PB 0x000000042f000000| Complete |  0
|  93|0x000000042f800000, 0x0000000430000000, 0x0000000430000000|100%| E|CS|TAMS 0x000000042f800000| PB 0x000000042f800000| Complete |  0
|  94|0x0000000430000000, 0x0000000430800000, 0x0000000430800000|100%| E|CS|TAMS 0x0000000430000000| PB 0x0000000430000000| Complete |  0
|  95|0x0000000430800000, 0x0000000431000000, 0x0000000431000000|100%| E|CS|TAMS 0x0000000430800000| PB 0x0000000430800000| Complete |  0
|  96|0x0000000431000000, 0x0000000431800000, 0x0000000431800000|100%| E|CS|TAMS 0x0000000431000000| PB 0x0000000431000000| Complete |  0
|  97|0x0000000431800000, 0x0000000432000000, 0x0000000432000000|100%| E|CS|TAMS 0x0000000431800000| PB 0x0000000431800000| Complete |  0
|  98|0x0000000432000000, 0x0000000432800000, 0x0000000432800000|100%| E|CS|TAMS 0x0000000432000000| PB 0x0000000432000000| Complete |  0
|  99|0x0000000432800000, 0x0000000433000000, 0x0000000433000000|100%| E|CS|TAMS 0x0000000432800000| PB 0x0000000432800000| Complete |  0
| 100|0x0000000433000000, 0x0000000433800000, 0x0000000433800000|100%| E|CS|TAMS 0x0000000433000000| PB 0x0000000433000000| Complete |  0
| 101|0x0000000433800000, 0x0000000434000000, 0x0000000434000000|100%| E|CS|TAMS 0x0000000433800000| PB 0x0000000433800000| Complete |  0
| 102|0x0000000434000000, 0x0000000434800000, 0x0000000434800000|100%| E|CS|TAMS 0x0000000434000000| PB 0x0000000434000000| Complete |  0
| 103|0x0000000434800000, 0x0000000435000000, 0x0000000435000000|100%| E|CS|TAMS 0x0000000434800000| PB 0x0000000434800000| Complete |  0
| 104|0x0000000435000000, 0x0000000435800000, 0x0000000435800000|100%| E|CS|TAMS 0x0000000435000000| PB 0x0000000435000000| Complete |  0
| 105|0x0000000435800000, 0x0000000436000000, 0x0000000436000000|100%| E|CS|TAMS 0x0000000435800000| PB 0x0000000435800000| Complete |  0
| 106|0x0000000436000000, 0x0000000436800000, 0x0000000436800000|100%| E|CS|TAMS 0x0000000436000000| PB 0x0000000436000000| Complete |  0
| 107|0x0000000436800000, 0x0000000437000000, 0x0000000437000000|100%| E|CS|TAMS 0x0000000436800000| PB 0x0000000436800000| Complete |  0
| 108|0x0000000437000000, 0x0000000437800000, 0x0000000437800000|100%| E|CS|TAMS 0x0000000437000000| PB 0x0000000437000000| Complete |  0
| 109|0x0000000437800000, 0x0000000438000000, 0x0000000438000000|100%| E|CS|TAMS 0x0000000437800000| PB 0x0000000437800000| Complete |  0
| 117|0x000000043b800000, 0x000000043c000000, 0x000000043c000000|100%| E|CS|TAMS 0x000000043b800000| PB 0x000000043b800000| Complete |  0
| 118|0x000000043c000000, 0x000000043c800000, 0x000000043c800000|100%| E|CS|TAMS 0x000000043c000000| PB 0x000000043c000000| Complete |  0
| 119|0x000000043c800000, 0x000000043d000000, 0x000000043d000000|100%| E|CS|TAMS 0x000000043c800000| PB 0x000000043c800000| Complete |  0
| 120|0x000000043d000000, 0x000000043d800000, 0x000000043d800000|100%| E|CS|TAMS 0x000000043d000000| PB 0x000000043d000000| Complete |  0
| 121|0x000000043d800000, 0x000000043e000000, 0x000000043e000000|100%| E|CS|TAMS 0x000000043d800000| PB 0x000000043d800000| Complete |  0
| 122|0x000000043e000000, 0x000000043e800000, 0x000000043e800000|100%| E|CS|TAMS 0x000000043e000000| PB 0x000000043e000000| Complete |  0
| 123|0x000000043e800000, 0x000000043f000000, 0x000000043f000000|100%| E|CS|TAMS 0x000000043e800000| PB 0x000000043e800000| Complete |  0
| 124|0x000000043f000000, 0x000000043f800000, 0x000000043f800000|100%| E|CS|TAMS 0x000000043f000000| PB 0x000000043f000000| Complete |  0
| 242|0x000000047a000000, 0x000000047a800000, 0x000000047a800000|100%| E|CS|TAMS 0x000000047a000000| PB 0x000000047a000000| Complete |  0
| 243|0x000000047a800000, 0x000000047b000000, 0x000000047b000000|100%| E|CS|TAMS 0x000000047a800000| PB 0x000000047a800000| Complete |  0
| 244|0x000000047b000000, 0x000000047b800000, 0x000000047b800000|100%| E|CS|TAMS 0x000000047b000000| PB 0x000000047b000000| Complete |  0
| 245|0x000000047b800000, 0x000000047c000000, 0x000000047c000000|100%| E|CS|TAMS 0x000000047b800000| PB 0x000000047b800000| Complete |  0
| 246|0x000000047c000000, 0x000000047c800000, 0x000000047c800000|100%| E|CS|TAMS 0x000000047c000000| PB 0x000000047c000000| Complete |  0
| 357|0x00000004b3800000, 0x00000004b4000000, 0x00000004b4000000|100%| E|CS|TAMS 0x00000004b3800000| PB 0x00000004b3800000| Complete |  0
| 358|0x00000004b4000000, 0x00000004b4800000, 0x00000004b4800000|100%| E|CS|TAMS 0x00000004b4000000| PB 0x00000004b4000000| Complete |  0
| 359|0x00000004b4800000, 0x00000004b5000000, 0x00000004b5000000|100%| E|CS|TAMS 0x00000004b4800000| PB 0x00000004b4800000| Complete |  0
| 360|0x00000004b5000000, 0x00000004b5800000, 0x00000004b5800000|100%| E|CS|TAMS 0x00000004b5000000| PB 0x00000004b5000000| Complete |  0
| 361|0x00000004b5800000, 0x00000004b6000000, 0x00000004b6000000|100%| E|CS|TAMS 0x00000004b5800000| PB 0x00000004b5800000| Complete |  0
| 362|0x00000004b6000000, 0x00000004b6800000, 0x00000004b6800000|100%| E|CS|TAMS 0x00000004b6000000| PB 0x00000004b6000000| Complete |  0
| 363|0x00000004b6800000, 0x00000004b7000000, 0x00000004b7000000|100%| E|CS|TAMS 0x00000004b6800000| PB 0x00000004b6800000| Complete |  0
| 364|0x00000004b7000000, 0x00000004b7800000, 0x00000004b7800000|100%| E|CS|TAMS 0x00000004b7000000| PB 0x00000004b7000000| Complete |  0
| 365|0x00000004b7800000, 0x00000004b8000000, 0x00000004b8000000|100%| E|CS|TAMS 0x00000004b7800000| PB 0x00000004b7800000| Complete |  0
| 366|0x00000004b8000000, 0x00000004b8800000, 0x00000004b8800000|100%| E|CS|TAMS 0x00000004b8000000| PB 0x00000004b8000000| Complete |  0
| 367|0x00000004b8800000, 0x00000004b9000000, 0x00000004b9000000|100%| E|CS|TAMS 0x00000004b8800000| PB 0x00000004b8800000| Complete |  0
| 368|0x00000004b9000000, 0x00000004b9800000, 0x00000004b9800000|100%| E|CS|TAMS 0x00000004b9000000| PB 0x00000004b9000000| Complete |  0
| 369|0x00000004b9800000, 0x00000004ba000000, 0x00000004ba000000|100%| E|CS|TAMS 0x00000004b9800000| PB 0x00000004b9800000| Complete |  0
| 370|0x00000004ba000000, 0x00000004ba800000, 0x00000004ba800000|100%| E|CS|TAMS 0x00000004ba000000| PB 0x00000004ba000000| Complete |  0
| 371|0x00000004ba800000, 0x00000004bb000000, 0x00000004bb000000|100%| E|CS|TAMS 0x00000004ba800000| PB 0x00000004ba800000| Complete |  0
| 372|0x00000004bb000000, 0x00000004bb800000, 0x00000004bb800000|100%| E|CS|TAMS 0x00000004bb000000| PB 0x00000004bb000000| Complete |  0
| 373|0x00000004bb800000, 0x00000004bc000000, 0x00000004bc000000|100%| E|CS|TAMS 0x00000004bb800000| PB 0x00000004bb800000| Complete |  0
| 374|0x00000004bc000000, 0x00000004bc800000, 0x00000004bc800000|100%| E|CS|TAMS 0x00000004bc000000| PB 0x00000004bc000000| Complete |  0
| 375|0x00000004bc800000, 0x00000004bd000000, 0x00000004bd000000|100%| E|CS|TAMS 0x00000004bc800000| PB 0x00000004bc800000| Complete |  0
| 376|0x00000004bd000000, 0x00000004bd800000, 0x00000004bd800000|100%| E|CS|TAMS 0x00000004bd000000| PB 0x00000004bd000000| Complete |  0
| 377|0x00000004bd800000, 0x00000004be000000, 0x00000004be000000|100%| E|CS|TAMS 0x00000004bd800000| PB 0x00000004bd800000| Complete |  0
| 378|0x00000004be000000, 0x00000004be800000, 0x00000004be800000|100%| E|CS|TAMS 0x00000004be000000| PB 0x00000004be000000| Complete |  0
| 379|0x00000004be800000, 0x00000004bf000000, 0x00000004bf000000|100%| E|CS|TAMS 0x00000004be800000| PB 0x00000004be800000| Complete |  0
| 380|0x00000004bf000000, 0x00000004bf800000, 0x00000004bf800000|100%| E|CS|TAMS 0x00000004bf000000| PB 0x00000004bf000000| Complete |  0
|2041|0x00000007fd800000, 0x00000007fe000000, 0x00000007fe000000|100%| E|CS|TAMS 0x00000007fd800000| PB 0x00000007fd800000| Complete |  0
|2044|0x00000007ff000000, 0x00000007ff800000, 0x00000007ff800000|100%| E|CS|TAMS 0x00000007ff000000| PB 0x00000007ff000000| Complete |  0
|2045|0x00000007ff800000, 0x0000000800000000, 0x0000000800000000|100%| E|CS|TAMS 0x00000007ff800000| PB 0x00000007ff800000| Complete |  0

Card table byte_map: [0x000002167ce10000,0x000002167ee10000] _byte_map_base: 0x000002167ae08000

Marking Bits: (CMBitMap*) 0x0000021670d2b370
 Bits: [0x000002160f000000, 0x000002161efc0000)

Polling page: 0x000002166e860000

Metaspace:
Metaspace        used 86007K, committed 87616K, reserved 1179648K
 class space     used 7407K, committed 8128K, reserved 1048576K

Usage:
  Non-class:     76.76 MB used.
      Class:      7.23 MB used.
       Both:     83.99 MB used.

Virtual space:
  Non-class space:      128.00 MB reserved,      77.62 MB ( 61%) committed,  2 nodes.
      Class space:        1.00 GB reserved,       7.94 MB ( <1%) committed,  1 nodes.
             Both:        1.12 GB reserved,      85.56 MB (  7%) committed. 

Chunk freelists:
   Non-Class:  2.13 MB
       Class:  8.12 MB
        Both:  10.25 MB

MaxMetaspaceSize: unlimited
CompressedClassSpaceSize: 1.00 GB
Initial GC threshold: 21.00 MB
Current GC threshold: 142.50 MB
CDS: on
 - commit_granule_bytes: 65536.
 - commit_granule_words: 8192.
 - virtual_space_node_default_size: 8388608.
 - enlarge_chunks_in_place: 1.
UseCompressedClassPointers 1, UseCompactObjectHeaders 0
Narrow klass pointer bits 32, Max shift 3
Narrow klass base: 0x000000009f000000, Narrow klass shift: 0
Encoding Range: [0x000000009f000000 - 0x000000019f000000), (4294967296 bytes)
Klass Range:    [0x000000009f010000 - 0x00000000e0000000), (1090453504 bytes)
Klass ID Range:  [65536 - 1090519033) (1090453497)
Protection zone: [0x000000009f000000 - 0x000000009f010000), (65536 bytes)


Internal statistics:

num_allocs_failed_limit: 19.
num_arena_births: 1604.
num_arena_deaths: 80.
num_vsnodes_births: 3.
num_vsnodes_deaths: 0.
num_space_committed: 1369.
num_space_uncommitted: 0.
num_chunks_returned_to_freelist: 125.
num_chunks_taken_from_freelist: 5820.
num_chunk_merges: 54.
num_chunk_splits: 3610.
num_chunks_enlarged: 2160.
num_inconsistent_stats: 0.

CodeHeap 'non-profiled nmethods': size=118912Kb used=19232Kb max_used=29201Kb free=99679Kb
 bounds [0x0000021607be0000, 0x0000021609870000, 0x000002160f000000]
CodeHeap 'profiled nmethods': size=118848Kb used=7475Kb max_used=48580Kb free=111372Kb
 bounds [0x0000021600000000, 0x0000021602f80000, 0x0000021607410000]
CodeHeap 'non-nmethods': size=8000Kb used=1708Kb max_used=4193Kb free=6291Kb
 bounds [0x0000021607410000, 0x0000021607860000, 0x0000021607be0000]
CodeCache: size=245760Kb, used=28415Kb, max_used=81974Kb, free=217342Kb
 total_blobs=9399, nmethods=8576, adapters=716, full_count=0
Compilation: enabled, stopped_count=0, restarted_count=0

Compilation events (20 events):
Event: 9166.905 Thread 0x000002167ae0be90 56958       4       org.eclipse.jdt.internal.compiler.codegen.StackMapFrameCodeStream::removeFramePosition (48 bytes)
Event: 9166.912 Thread 0x000002167ae0be90 nmethod 56958 0x00000216082c1f08 code [0x00000216082c2000, 0x00000216082c2990]
Event: 9166.948 Thread 0x00000216218eb600 56959       3       org.eclipse.text.edits.MultiTextEdit::<init> (13 bytes)
Event: 9166.948 Thread 0x00000216218eb600 nmethod 56959 0x00000216005e9508 code [0x00000216005e9600, 0x00000216005e9758]
Event: 9167.193 Thread 0x000002167ae0be90 56960   !   4       org.eclipse.jdt.ls.core.internal.JDTUtils::isHiddenGeneratedElement (68 bytes)
Event: 9167.198 Thread 0x000002167ae0be90 nmethod 56960 0x0000021607c77608 code [0x0000021607c77700, 0x0000021607c77eb8]
Event: 9167.350 Thread 0x000002167ae0be90 56961       4       org.eclipse.jdt.internal.compiler.lookup.LookupEnvironment::getCachedType (122 bytes)
Event: 9167.357 Thread 0x000002167ae0be90 nmethod 56961 0x0000021608332a88 code [0x0000021608332b80, 0x0000021608332e80]
Event: 9167.382 Thread 0x000002167ae0be90 56962       4       org.eclipse.jdt.internal.compiler.parser.Parser::consumeEnumConstantNoClassBody (112 bytes)
Event: 9167.384 Thread 0x000002167ae0be90 nmethod 56962 0x00000216085fec88 code [0x00000216085fed80, 0x00000216085fef68]
Event: 9167.660 Thread 0x00000216218eb600 56963       3       org.eclipse.jdt.internal.compiler.ast.CompilationUnitDeclaration::record (40 bytes)
Event: 9167.661 Thread 0x00000216218eb600 nmethod 56963 0x0000021601fae008 code [0x0000021601fae100, 0x0000021601fae770]
Event: 9167.687 Thread 0x00000216218eb600 56964       1       org.eclipse.jdt.internal.compiler.ASTVisitor::visit (2 bytes)
Event: 9167.687 Thread 0x00000216218eb600 nmethod 56964 0x0000021607c8a408 code [0x0000021607c8a500, 0x0000021607c8a5c8]
Event: 9167.756 Thread 0x000002167ae0be90 56965       4       org.eclipse.jdt.internal.compiler.codegen.StackMapFrame::getIndexOfDifferentLocals (43 bytes)
Event: 9167.758 Thread 0x000002167ae0be90 nmethod 56965 0x00000216084f8a88 code [0x00000216084f8b80, 0x00000216084f8d90]
Event: 9168.223 Thread 0x000002167ae0be90 56966   !   4       org.eclipse.jdt.internal.core.CompilationUnitProblemFinder::getRelease (118 bytes)
Event: 9168.238 Thread 0x000002167ae0be90 nmethod 56966 0x00000216094a2008 code [0x00000216094a2100, 0x00000216094a38f0]
Event: 9168.521 Thread 0x000002167ae0be90 56967       4       org.eclipse.jdt.internal.compiler.parser.Parser::optimizedConcatNodeLists (21 bytes)
Event: 9168.522 Thread 0x000002167ae0be90 nmethod 56967 0x0000021607c8dc88 code [0x0000021607c8dd80, 0x0000021607c8de50]

GC Heap Usage History (20 events):
Event: 9156.505 {heap After GC invocations=1390 (full 0):
 garbage-first heap   total reserved 16760832K, committed 2244608K, used 743226K [0x0000000401000000, 0x0000000800000000)
  region size 8192K, 16 young (131072K), 16 survivors (131072K)
}
Event: 9164.781 {heap Before GC invocations=1390 (full 0):
 garbage-first heap   total reserved 16760832K, committed 2244608K, used 1857338K [0x0000000401000000, 0x0000000800000000)
  region size 8192K, 153 young (1253376K), 16 survivors (131072K)
}
Event: 9164.820 {heap After GC invocations=1391 (full 0):
 garbage-first heap   total reserved 16760832K, committed 2244608K, used 734330K [0x0000000401000000, 0x0000000800000000)
  region size 8192K, 19 young (155648K), 19 survivors (155648K)
}
Event: 9164.987 {heap Before GC invocations=1391 (full 0):
 garbage-first heap   total reserved 16760832K, committed 2244608K, used 1873018K [0x0000000401000000, 0x0000000800000000)
  region size 8192K, 159 young (1302528K), 19 survivors (155648K)
}
Event: 9165.020 {heap After GC invocations=1392 (full 0):
 garbage-first heap   total reserved 16760832K, committed 2244608K, used 760452K [0x0000000401000000, 0x0000000800000000)
  region size 8192K, 14 young (114688K), 14 survivors (114688K)
}
Event: 9165.210 {heap Before GC invocations=1393 (full 0):
 garbage-first heap   total reserved 16760832K, committed 2244608K, used 1849988K [0x0000000401000000, 0x0000000800000000)
  region size 8192K, 154 young (1261568K), 14 survivors (114688K)
}
Event: 9165.233 {heap After GC invocations=1394 (full 0):
 garbage-first heap   total reserved 16760832K, committed 2244608K, used 728863K [0x0000000401000000, 0x0000000800000000)
  region size 8192K, 12 young (98304K), 12 survivors (98304K)
}
Event: 9167.267 {heap Before GC invocations=1394 (full 0):
 garbage-first heap   total reserved 16760832K, committed 2244608K, used 1908511K [0x0000000401000000, 0x0000000800000000)
  region size 8192K, 157 young (1286144K), 12 survivors (98304K)
}
Event: 9167.294 {heap After GC invocations=1395 (full 0):
 garbage-first heap   total reserved 16760832K, committed 2244608K, used 562027K [0x0000000401000000, 0x0000000800000000)
  region size 8192K, 15 young (122880K), 15 survivors (122880K)
}
Event: 9167.460 {heap Before GC invocations=1395 (full 0):
 garbage-first heap   total reserved 16760832K, committed 2244608K, used 1774443K [0x0000000401000000, 0x0000000800000000)
  region size 8192K, 164 young (1343488K), 15 survivors (122880K)
}
Event: 9167.476 {heap After GC invocations=1396 (full 0):
 garbage-first heap   total reserved 16760832K, committed 2244608K, used 529537K [0x0000000401000000, 0x0000000800000000)
  region size 8192K, 8 young (65536K), 8 survivors (65536K)
}
Event: 9167.596 {heap Before GC invocations=1397 (full 0):
 garbage-first heap   total reserved 16760832K, committed 1228800K, used 1029249K [0x0000000401000000, 0x0000000800000000)
  region size 8192K, 90 young (737280K), 8 survivors (65536K)
}
Event: 9167.604 {heap After GC invocations=1398 (full 0):
 garbage-first heap   total reserved 16760832K, committed 1228800K, used 349627K [0x0000000401000000, 0x0000000800000000)
  region size 8192K, 6 young (49152K), 6 survivors (49152K)
}
Event: 9167.709 {heap Before GC invocations=1398 (full 0):
 garbage-first heap   total reserved 16760832K, committed 1228800K, used 1004987K [0x0000000401000000, 0x0000000800000000)
  region size 8192K, 87 young (712704K), 6 survivors (49152K)
}
Event: 9167.729 {heap After GC invocations=1399 (full 0):
 garbage-first heap   total reserved 16760832K, committed 1228800K, used 332934K [0x0000000401000000, 0x0000000800000000)
  region size 8192K, 11 young (90112K), 11 survivors (90112K)
}
Event: 9168.458 {heap Before GC invocations=1399 (full 0):
 garbage-first heap   total reserved 16760832K, committed 1228800K, used 971910K [0x0000000401000000, 0x0000000800000000)
  region size 8192K, 90 young (737280K), 11 survivors (90112K)
}
Event: 9168.488 {heap After GC invocations=1400 (full 0):
 garbage-first heap   total reserved 16760832K, committed 1228800K, used 379448K [0x0000000401000000, 0x0000000800000000)
  region size 8192K, 12 young (98304K), 12 survivors (98304K)
}
Event: 9168.598 {heap Before GC invocations=1401 (full 0):
 garbage-first heap   total reserved 16760832K, committed 1228800K, used 977464K [0x0000000401000000, 0x0000000800000000)
  region size 8192K, 86 young (704512K), 12 survivors (98304K)
}
Event: 9168.634 {heap After GC invocations=1402 (full 0):
 garbage-first heap   total reserved 16760832K, committed 1228800K, used 447060K [0x0000000401000000, 0x0000000800000000)
  region size 8192K, 11 young (90112K), 11 survivors (90112K)
}
Event: 9168.720 {heap Before GC invocations=1402 (full 0):
 garbage-first heap   total reserved 16760832K, committed 1228800K, used 971348K [0x0000000401000000, 0x0000000800000000)
  region size 8192K, 76 young (622592K), 11 survivors (90112K)
}

Metaspace Usage History (20 events):
Event: 9156.505 {metaspace After GC invocations=1390 (full 0):
 Metaspace       used 86006K, committed 87616K, reserved 1179648K
  class space    used 7407K, committed 8128K, reserved 1048576K
}
Event: 9164.781 {metaspace Before GC invocations=1390 (full 0):
 Metaspace       used 86007K, committed 87616K, reserved 1179648K
  class space    used 7407K, committed 8128K, reserved 1048576K
}
Event: 9164.820 {metaspace After GC invocations=1391 (full 0):
 Metaspace       used 86007K, committed 87616K, reserved 1179648K
  class space    used 7407K, committed 8128K, reserved 1048576K
}
Event: 9164.987 {metaspace Before GC invocations=1391 (full 0):
 Metaspace       used 86007K, committed 87616K, reserved 1179648K
  class space    used 7407K, committed 8128K, reserved 1048576K
}
Event: 9165.020 {metaspace After GC invocations=1392 (full 0):
 Metaspace       used 86007K, committed 87616K, reserved 1179648K
  class space    used 7407K, committed 8128K, reserved 1048576K
}
Event: 9165.210 {metaspace Before GC invocations=1393 (full 0):
 Metaspace       used 86007K, committed 87616K, reserved 1179648K
  class space    used 7407K, committed 8128K, reserved 1048576K
}
Event: 9165.233 {metaspace After GC invocations=1394 (full 0):
 Metaspace       used 86007K, committed 87616K, reserved 1179648K
  class space    used 7407K, committed 8128K, reserved 1048576K
}
Event: 9167.267 {metaspace Before GC invocations=1394 (full 0):
 Metaspace       used 86007K, committed 87616K, reserved 1179648K
  class space    used 7407K, committed 8128K, reserved 1048576K
}
Event: 9167.294 {metaspace After GC invocations=1395 (full 0):
 Metaspace       used 86007K, committed 87616K, reserved 1179648K
  class space    used 7407K, committed 8128K, reserved 1048576K
}
Event: 9167.460 {metaspace Before GC invocations=1395 (full 0):
 Metaspace       used 86007K, committed 87616K, reserved 1179648K
  class space    used 7407K, committed 8128K, reserved 1048576K
}
Event: 9167.476 {metaspace After GC invocations=1396 (full 0):
 Metaspace       used 86007K, committed 87616K, reserved 1179648K
  class space    used 7407K, committed 8128K, reserved 1048576K
}
Event: 9167.596 {metaspace Before GC invocations=1397 (full 0):
 Metaspace       used 86007K, committed 87616K, reserved 1179648K
  class space    used 7407K, committed 8128K, reserved 1048576K
}
Event: 9167.604 {metaspace After GC invocations=1398 (full 0):
 Metaspace       used 86007K, committed 87616K, reserved 1179648K
  class space    used 7407K, committed 8128K, reserved 1048576K
}
Event: 9167.709 {metaspace Before GC invocations=1398 (full 0):
 Metaspace       used 86007K, committed 87616K, reserved 1179648K
  class space    used 7407K, committed 8128K, reserved 1048576K
}
Event: 9167.729 {metaspace After GC invocations=1399 (full 0):
 Metaspace       used 86007K, committed 87616K, reserved 1179648K
  class space    used 7407K, committed 8128K, reserved 1048576K
}
Event: 9168.458 {metaspace Before GC invocations=1399 (full 0):
 Metaspace       used 86007K, committed 87616K, reserved 1179648K
  class space    used 7407K, committed 8128K, reserved 1048576K
}
Event: 9168.488 {metaspace After GC invocations=1400 (full 0):
 Metaspace       used 86007K, committed 87616K, reserved 1179648K
  class space    used 7407K, committed 8128K, reserved 1048576K
}
Event: 9168.598 {metaspace Before GC invocations=1401 (full 0):
 Metaspace       used 86007K, committed 87616K, reserved 1179648K
  class space    used 7407K, committed 8128K, reserved 1048576K
}
Event: 9168.634 {metaspace After GC invocations=1402 (full 0):
 Metaspace       used 86007K, committed 87616K, reserved 1179648K
  class space    used 7407K, committed 8128K, reserved 1048576K
}
Event: 9168.720 {metaspace Before GC invocations=1402 (full 0):
 Metaspace       used 86007K, committed 87616K, reserved 1179648K
  class space    used 7407K, committed 8128K, reserved 1048576K
}

Dll operation events (13 events):
Event: 0.008 Loaded shared library C:\Program Files\Eclipse Adoptium\jdk-25.0.1.8-hotspot\bin\java.dll
Event: 0.052 Loaded shared library C:\Program Files\Eclipse Adoptium\jdk-25.0.1.8-hotspot\bin\zip.dll
Event: 0.054 Loaded shared library C:\Program Files\Eclipse Adoptium\jdk-25.0.1.8-hotspot\bin\instrument.dll
Event: 0.056 Loaded shared library C:\Program Files\Eclipse Adoptium\jdk-25.0.1.8-hotspot\bin\net.dll
Event: 0.058 Loaded shared library C:\Program Files\Eclipse Adoptium\jdk-25.0.1.8-hotspot\bin\nio.dll
Event: 0.060 Loaded shared library C:\Program Files\Eclipse Adoptium\jdk-25.0.1.8-hotspot\bin\zip.dll
Event: 0.071 Loaded shared library C:\Program Files\Eclipse Adoptium\jdk-25.0.1.8-hotspot\bin\jimage.dll
Event: 0.114 Loaded shared library C:\Program Files\Eclipse Adoptium\jdk-25.0.1.8-hotspot\bin\verify.dll
Event: 0.615 Loaded shared library C:\Users\spoon\AppData\Local\nvim-data\mason\share\jdtls\config\org.eclipse.equinox.launcher\org.eclipse.equinox.launcher.win32.win32.x86_64_1.2.1400.v20250801-0854\eclipse_11916.dll
Event: 1.250 Loaded shared library C:\Users\spoon\AppData\Local\Temp\jna-109651729\jna1072597945652486962.dll
Event: 3.025 Loaded shared library C:\Users\spoon\.gradle\native\660c5614fbf4a5f2a75b1949f50a0caf5cd603558e7d8a26e50b933a0cfb79d1\windows-amd64\native-platform.dll
Event: 3.595 Loaded shared library C:\Program Files\Eclipse Adoptium\jdk-25.0.1.8-hotspot\bin\management.dll
Event: 3.596 Loaded shared library C:\Program Files\Eclipse Adoptium\jdk-25.0.1.8-hotspot\bin\management_ext.dll

Deoptimization events (20 events):
Event: 9143.166 Thread 0x0000021629133c20 DEOPT PACKING pc=0x0000021607c77a68 sp=0x00000022fe1fe460
Event: 9143.166 Thread 0x0000021629133c20 DEOPT UNPACKING pc=0x000002160752fc02 sp=0x00000022fe1fe3f8 mode 2
Event: 9143.166 Thread 0x0000021629133c20 Uncommon trap: trap_request=0xffffffd6 fr.pc=0x0000021607c77a68 relative=0x0000000000000368
Event: 9143.166 Thread 0x0000021629133c20 Uncommon trap: reason=array_check action=maybe_recompile pc=0x0000021607c77a68 method=java.lang.StackStreamFactory$StackFrameBuffer.fill([Ljava/lang/ClassFrameInfo;II)[Ljava/lang/ClassFrameInfo; @ 33 c2
Event: 9143.166 Thread 0x0000021629133c20 DEOPT PACKING pc=0x0000021607c77a68 sp=0x00000022fe1f9fa0
Event: 9143.166 Thread 0x0000021629133c20 DEOPT UNPACKING pc=0x000002160752fc02 sp=0x00000022fe1f9f38 mode 2
Event: 9146.244 Thread 0x00000216366ac3c0 Uncommon trap: trap_request=0xffffff45 fr.pc=0x0000021609402418 relative=0x0000000000001118
Event: 9146.244 Thread 0x00000216366ac3c0 Uncommon trap: reason=unstable_if action=reinterpret pc=0x0000021609402418 method=org.eclipse.jdt.internal.compiler.codegen.ConstantPool.literalIndexForInvokeAndConstantDynamic(I[C[CI)I @ 138 c2
Event: 9146.244 Thread 0x00000216366ac3c0 DEOPT PACKING pc=0x0000021609402418 sp=0x00000022818fe0c0
Event: 9146.244 Thread 0x00000216366ac3c0 DEOPT UNPACKING pc=0x000002160752fc02 sp=0x00000022818fdf38 mode 2
Event: 9159.230 Thread 0x0000021629133c20 DEOPT PACKING pc=0x00000216000f0b76 sp=0x00000022fe1fd6d0
Event: 9159.230 Thread 0x0000021629133c20 DEOPT UNPACKING pc=0x0000021607461702 sp=0x00000022fe1fcb28 mode 0
Event: 9162.913 Thread 0x00000216366ad360 Uncommon trap: trap_request=0xffffffde fr.pc=0x000002160837d3b8 relative=0x00000000000005b8
Event: 9162.913 Thread 0x00000216366ad360 Uncommon trap: reason=class_check action=maybe_recompile pc=0x000002160837d3b8 method=org.eclipse.jdt.internal.core.manipulation.search.OccurrencesFinder.getBindingDeclaration(Lorg/eclipse/jdt/core/dom/IBinding;)Lorg/eclipse/jdt/core/dom/IBinding; @ 53 c2
Event: 9162.913 Thread 0x00000216366ad360 DEOPT PACKING pc=0x000002160837d3b8 sp=0x0000002280bfe8a0
Event: 9162.913 Thread 0x00000216366ad360 DEOPT UNPACKING pc=0x000002160752fc02 sp=0x0000002280bfe798 mode 2
Event: 9166.176 Thread 0x000002162c8fac60 Uncommon trap: trap_request=0xffffff45 fr.pc=0x0000021608d63468 relative=0x0000000000002768
Event: 9166.176 Thread 0x000002162c8fac60 Uncommon trap: reason=unstable_if action=reinterpret pc=0x0000021608d63468 method=org.eclipse.jdt.internal.compiler.ClassFile.generateStackMapTableAttribute(Lorg/eclipse/jdt/internal/compiler/lookup/MethodBinding;IIIZLorg/eclipse/jdt/internal/compiler/loo
Event: 9166.176 Thread 0x000002162c8fac60 DEOPT PACKING pc=0x0000021608d63468 sp=0x00000022801fe9f0
Event: 9166.176 Thread 0x000002162c8fac60 DEOPT UNPACKING pc=0x000002160752fc02 sp=0x00000022801fe900 mode 2

Classes loaded (20 events):
Event: 315.205 Loading class java/util/stream/Nodes$AbstractConcNode done
Event: 315.205 Loading class java/util/stream/Nodes$ConcNode done
Event: 315.206 Loading class java/io/ObjectOutputStream$BlockDataOutputStream
Event: 315.206 Loading class java/io/ObjectOutputStream$BlockDataOutputStream done
Event: 315.206 Loading class java/io/ObjectOutputStream$HandleTable
Event: 315.206 Loading class java/io/ObjectOutputStream$HandleTable done
Event: 315.206 Loading class java/io/ObjectOutputStream$ReplaceTable
Event: 315.206 Loading class java/io/ObjectOutputStream$ReplaceTable done
Event: 3777.106 Loading class java/io/CharArrayReader
Event: 3777.106 Loading class java/io/CharArrayReader done
Event: 3777.106 Loading class java/util/regex/Pattern$Bound
Event: 3777.106 Loading class java/util/regex/Pattern$Bound done
Event: 4256.621 Loading class java/util/ArrayDeque$DeqSpliterator
Event: 4256.622 Loading class java/util/ArrayDeque$DeqSpliterator done
Event: 4335.728 Loading class java/util/stream/ReduceOps$5
Event: 4335.729 Loading class java/util/stream/ReduceOps$5 done
Event: 4335.729 Loading class java/util/stream/ReduceOps$CountingSink$OfRef
Event: 4335.729 Loading class java/util/stream/ReduceOps$CountingSink
Event: 4335.729 Loading class java/util/stream/ReduceOps$CountingSink done
Event: 4335.729 Loading class java/util/stream/ReduceOps$CountingSink$OfRef done

Classes unloaded (20 events):
Event: 189.126 Thread 0x000002167ade1c30 Unloading class 0x00000000a06ba400 'java/lang/invoke/LambdaForm$MH+0x00000000a06ba400'
Event: 189.126 Thread 0x000002167ade1c30 Unloading class 0x00000000a06b9c00 'java/lang/invoke/LambdaForm$MH+0x00000000a06b9c00'
Event: 189.126 Thread 0x000002167ade1c30 Unloading class 0x00000000a06b9800 'java/lang/invoke/LambdaForm$MH+0x00000000a06b9800'
Event: 189.126 Thread 0x000002167ade1c30 Unloading class 0x00000000a06b9400 'java/lang/invoke/LambdaForm$MH+0x00000000a06b9400'
Event: 189.126 Thread 0x000002167ade1c30 Unloading class 0x00000000a06b9000 'java/lang/invoke/LambdaForm$MH+0x00000000a06b9000'
Event: 189.126 Thread 0x000002167ade1c30 Unloading class 0x00000000a06b8c00 'java/lang/invoke/LambdaForm$MH+0x00000000a06b8c00'
Event: 189.126 Thread 0x000002167ade1c30 Unloading class 0x00000000a06b8800 'java/lang/invoke/LambdaForm$MH+0x00000000a06b8800'
Event: 189.126 Thread 0x000002167ade1c30 Unloading class 0x00000000a06b8400 'java/lang/invoke/LambdaForm$MH+0x00000000a06b8400'
Event: 189.126 Thread 0x000002167ade1c30 Unloading class 0x00000000a06b7800 'java/lang/invoke/LambdaForm$MH+0x00000000a06b7800'
Event: 189.126 Thread 0x000002167ade1c30 Unloading class 0x00000000a06b8000 'java/lang/invoke/LambdaForm$MH+0x00000000a06b8000'
Event: 189.126 Thread 0x000002167ade1c30 Unloading class 0x00000000a06b7000 'java/lang/invoke/LambdaForm$MH+0x00000000a06b7000'
Event: 189.126 Thread 0x000002167ade1c30 Unloading class 0x00000000a06b6c00 'java/lang/invoke/LambdaForm$MH+0x00000000a06b6c00'
Event: 189.126 Thread 0x000002167ade1c30 Unloading class 0x00000000a06b6400 'java/lang/invoke/LambdaForm$MH+0x00000000a06b6400'
Event: 189.126 Thread 0x000002167ade1c30 Unloading class 0x00000000a06b5c00 'java/lang/invoke/LambdaForm$MH+0x00000000a06b5c00'
Event: 189.126 Thread 0x000002167ade1c30 Unloading class 0x00000000a06b5800 'java/lang/invoke/LambdaForm$MH+0x00000000a06b5800'
Event: 189.126 Thread 0x000002167ade1c30 Unloading class 0x00000000a06b5000 'java/lang/invoke/LambdaForm$MH+0x00000000a06b5000'
Event: 189.126 Thread 0x000002167ade1c30 Unloading class 0x00000000a06b4c00 'java/lang/invoke/LambdaForm$MH+0x00000000a06b4c00'
Event: 189.126 Thread 0x000002167ade1c30 Unloading class 0x00000000a06b4800 'java/lang/invoke/LambdaForm$MH+0x00000000a06b4800'
Event: 189.126 Thread 0x000002167ade1c30 Unloading class 0x00000000a06b4000 'java/lang/invoke/LambdaForm$MH+0x00000000a06b4000'
Event: 189.126 Thread 0x000002167ade1c30 Unloading class 0x00000000a06b4400 'java/lang/invoke/LambdaForm$MH+0x00000000a06b4400'

Classes redefined (0 events):
No events

Internal exceptions (20 events):
Event: 8599.134 Thread 0x0000021627710cb0 Exception <a 'sun/nio/fs/WindowsException'{0x0000000492ee02f0}> (0x0000000492ee02f0) 
thrown [s\src\hotspot\share\prims\jni.cpp, line 516]
Event: 8892.158 Thread 0x0000021627b9c640 Exception <a 'sun/nio/fs/WindowsException'{0x000000046d0d1668}> (0x000000046d0d1668) 
thrown [s\src\hotspot\share\prims\jni.cpp, line 516]
Event: 8892.158 Thread 0x0000021627b9c640 Exception <a 'sun/nio/fs/WindowsException'{0x000000046d0d1ff0}> (0x000000046d0d1ff0) 
thrown [s\src\hotspot\share\prims\jni.cpp, line 516]
Event: 9034.732 Thread 0x0000021629133c20 Exception <a 'java/lang/ArrayIndexOutOfBoundsException'{0x000000043e3e2d38}> (0x000000043e3e2d38) 
thrown [s\src\hotspot\share\runtime\sharedRuntime.cpp, line 681]
Event: 9034.740 Thread 0x0000021629133c20 Exception <a 'java/lang/ArrayIndexOutOfBoundsException'{0x000000043d152f70}> (0x000000043d152f70) 
thrown [s\src\hotspot\share\runtime\sharedRuntime.cpp, line 681]
Event: 9034.824 Thread 0x0000021629133c20 Exception <a 'java/lang/ArrayIndexOutOfBoundsException'{0x000000043adf7b20}> (0x000000043adf7b20) 
thrown [s\src\hotspot\share\runtime\sharedRuntime.cpp, line 681]
Event: 9034.831 Thread 0x0000021629133c20 Exception <a 'java/lang/ArrayIndexOutOfBoundsException'{0x0000000439bfe050}> (0x0000000439bfe050) 
thrown [s\src\hotspot\share\runtime\sharedRuntime.cpp, line 681]
Event: 9041.724 Thread 0x0000021627710cb0 Exception <a 'sun/nio/fs/WindowsException'{0x00000004a78f3618}> (0x00000004a78f3618) 
thrown [s\src\hotspot\share\prims\jni.cpp, line 516]
Event: 9041.741 Thread 0x000002163f901e20 Implicit null exception at 0x00000216092ae075 to 0x00000216092ae348
Event: 9041.741 Thread 0x000002163f901e20 Implicit null exception at 0x00000216092a51f6 to 0x00000216092a5318
Event: 9041.749 Thread 0x000002163f901e20 Implicit null exception at 0x0000021607c904ed to 0x0000021607c913b4
Event: 9041.814 Thread 0x0000021627710cb0 Exception <a 'sun/nio/fs/WindowsException'{0x0000000423df5958}> (0x0000000423df5958) 
thrown [s\src\hotspot\share\prims\jni.cpp, line 516]
Event: 9048.270 Thread 0x0000021627710cb0 Exception <a 'sun/nio/fs/WindowsException'{0x00000004466583c8}> (0x00000004466583c8) 
thrown [s\src\hotspot\share\prims\jni.cpp, line 516]
Event: 9048.504 Thread 0x0000021627710cb0 Exception <a 'sun/nio/fs/WindowsException'{0x000000045c9cc978}> (0x000000045c9cc978) 
thrown [s\src\hotspot\share\prims\jni.cpp, line 516]
Event: 9057.930 Thread 0x0000021627710cb0 Exception <a 'sun/nio/fs/WindowsException'{0x0000000442c45e90}> (0x0000000442c45e90) 
thrown [s\src\hotspot\share\prims\jni.cpp, line 516]
Event: 9058.233 Thread 0x0000021627710cb0 Exception <a 'sun/nio/fs/WindowsException'{0x000000050ebd08a0}> (0x000000050ebd08a0) 
thrown [s\src\hotspot\share\prims\jni.cpp, line 516]
Event: 9146.800 Thread 0x0000021627710cb0 Exception <a 'sun/nio/fs/WindowsException'{0x000000043aea0380}> (0x000000043aea0380) 
thrown [s\src\hotspot\share\prims\jni.cpp, line 516]
Event: 9147.105 Thread 0x0000021627710cb0 Exception <a 'sun/nio/fs/WindowsException'{0x000000045d996290}> (0x000000045d996290) 
thrown [s\src\hotspot\share\prims\jni.cpp, line 516]
Event: 9156.325 Thread 0x0000021627710cb0 Exception <a 'sun/nio/fs/WindowsException'{0x0000000440c4bca0}> (0x0000000440c4bca0) 
thrown [s\src\hotspot\share\prims\jni.cpp, line 516]
Event: 9156.386 Thread 0x0000021627710cb0 Exception <a 'sun/nio/fs/WindowsException'{0x000000043f527848}> (0x000000043f527848) 
thrown [s\src\hotspot\share\prims\jni.cpp, line 516]

VM Operations (20 events):
Event: 9167.294 Executing safepoint VM operation: G1CollectForAllocation (G1 Evacuation Pause) done
Event: 9167.460 Executing safepoint VM operation: G1CollectForAllocation (G1 Evacuation Pause)
Event: 9167.476 Executing safepoint VM operation: G1CollectForAllocation (G1 Evacuation Pause) done
Event: 9167.524 Executing safepoint VM operation: G1PauseRemark
Event: 9167.527 Executing safepoint VM operation: G1PauseRemark done
Event: 9167.542 Executing safepoint VM operation: G1PauseCleanup
Event: 9167.542 Executing safepoint VM operation: G1PauseCleanup done
Event: 9167.595 Executing safepoint VM operation: G1CollectForAllocation (G1 Evacuation Pause)
Event: 9167.604 Executing safepoint VM operation: G1CollectForAllocation (G1 Evacuation Pause) done
Event: 9167.698 Executing safepoint VM operation: G1CollectForAllocation (G1 Evacuation Pause)
Event: 9167.729 Executing safepoint VM operation: G1CollectForAllocation (G1 Evacuation Pause) done
Event: 9168.458 Executing safepoint VM operation: G1CollectForAllocation (G1 Evacuation Pause)
Event: 9168.488 Executing safepoint VM operation: G1CollectForAllocation (G1 Evacuation Pause) done
Event: 9168.562 Executing safepoint VM operation: G1PauseRemark
Event: 9168.565 Executing safepoint VM operation: G1PauseRemark done
Event: 9168.586 Executing safepoint VM operation: G1PauseCleanup
Event: 9168.586 Executing safepoint VM operation: G1PauseCleanup done
Event: 9168.598 Executing safepoint VM operation: G1CollectForAllocation (G1 Evacuation Pause)
Event: 9168.634 Executing safepoint VM operation: G1CollectForAllocation (G1 Evacuation Pause) done
Event: 9168.720 Executing safepoint VM operation: G1CollectForAllocation (G1 Evacuation Pause)

Memory protections (0 events):
No events

Nmethod flushes (20 events):
Event: 9167.526 Thread 0x000002167ade1c30 flushing  nmethod 0x0000021607c5c308
Event: 9167.526 Thread 0x000002167ade1c30 flushing  nmethod 0x00000216086b1a08
Event: 9167.526 Thread 0x000002167ade1c30 flushing  nmethod 0x000002160002c708
Event: 9167.526 Thread 0x000002167ade1c30 flushing  nmethod 0x000002160002d408
Event: 9167.526 Thread 0x000002167ade1c30 flushing  nmethod 0x000002160002d908
Event: 9167.526 Thread 0x000002167ade1c30 flushing  nmethod 0x000002160002dc88
Event: 9167.526 Thread 0x000002167ade1c30 flushing  nmethod 0x00000216001dd188
Event: 9167.526 Thread 0x000002167ade1c30 flushing  nmethod 0x000002160040fc88
Event: 9167.526 Thread 0x000002167ade1c30 flushing osr nmethod 0x0000021600b41688
Event: 9167.526 Thread 0x000002167ade1c30 flushing  nmethod 0x00000216080e3288
Event: 9167.526 Thread 0x000002167ade1c30 flushing  nmethod 0x0000021608a46288
Event: 9167.526 Thread 0x000002167ade1c30 flushing  nmethod 0x000002160001e988
Event: 9167.526 Thread 0x000002167ade1c30 flushing  nmethod 0x0000021600022108
Event: 9167.526 Thread 0x000002167ade1c30 flushing  nmethod 0x0000021601c75e08
Event: 9168.564 Thread 0x000002167ade1c30 flushing  nmethod 0x0000021600685108
Event: 9168.564 Thread 0x000002167ade1c30 flushing  nmethod 0x00000216017d0a88
Event: 9168.564 Thread 0x000002167ade1c30 flushing  nmethod 0x0000021600346008
Event: 9168.564 Thread 0x000002167ade1c30 flushing  nmethod 0x0000021600601b08
Event: 9168.564 Thread 0x000002167ade1c30 flushing  nmethod 0x0000021600b39808
Event: 9168.564 Thread 0x000002167ade1c30 flushing  nmethod 0x0000021608d60c08

Events (20 events):
Event: 9159.246 Thread 0x00000216218eb600 Thread added: 0x0000021639a9dac0
Event: 9159.836 Thread 0x0000021639a9dac0 Thread exited: 0x0000021639a9dac0
Event: 9159.836 Thread 0x0000021639aa0310 Thread exited: 0x0000021639aa0310
Event: 9159.836 Thread 0x0000021639a9d2b0 Thread exited: 0x0000021639a9d2b0
Event: 9162.908 Thread 0x00000216218eb600 Thread added: 0x000002162933b9b0
Event: 9162.909 Thread 0x00000216218eb600 Thread added: 0x000002162933fa30
Event: 9162.909 Thread 0x00000216218eb600 Thread added: 0x000002162933c1c0
Event: 9162.909 Thread 0x00000216218eb600 Thread added: 0x0000021629340240
Event: 9162.909 Thread 0x00000216218eb600 Thread added: 0x000002162933c9d0
Event: 9162.909 Thread 0x00000216218eb600 Thread added: 0x0000021629340a50
Event: 9162.909 Thread 0x00000216218eb600 Thread added: 0x0000021629341260
Event: 9162.909 Thread 0x00000216218eb600 Thread added: 0x0000021629341a70
Event: 9164.432 Thread 0x000002162933c9d0 Thread exited: 0x000002162933c9d0
Event: 9164.432 Thread 0x0000021629341a70 Thread exited: 0x0000021629341a70
Event: 9164.432 Thread 0x0000021629341260 Thread exited: 0x0000021629341260
Event: 9164.432 Thread 0x0000021629340240 Thread exited: 0x0000021629340240
Event: 9164.746 Thread 0x000002162933c1c0 Thread exited: 0x000002162933c1c0
Event: 9164.746 Thread 0x000002162933fa30 Thread exited: 0x000002162933fa30
Event: 9165.180 Thread 0x000002162933b9b0 Thread exited: 0x000002162933b9b0
Event: 9165.180 Thread 0x0000021629340a50 Thread exited: 0x0000021629340a50


Dynamic libraries:
0x00007ff6295b0000 - 0x00007ff6295be000 	C:\Program Files\Eclipse Adoptium\jdk-25.0.1.8-hotspot\bin\java.EXE
0x00007ffb81d20000 - 0x00007ffb81f86000 	C:\WINDOWS\SYSTEM32\ntdll.dll
0x00007ffb7fe60000 - 0x00007ffb7ff29000 	C:\WINDOWS\System32\KERNEL32.DLL
0x00007ffb7f2f0000 - 0x00007ffb7f6bc000 	C:\WINDOWS\System32\KERNELBASE.dll
0x00007ffb7f780000 - 0x00007ffb7f8cb000 	C:\WINDOWS\System32\ucrtbase.dll
0x00007ffb7bfb0000 - 0x00007ffb7bfc6000 	C:\Program Files\Eclipse Adoptium\jdk-25.0.1.8-hotspot\bin\jli.dll
0x00007ffb7bfd0000 - 0x00007ffb7bfee000 	C:\Program Files\Eclipse Adoptium\jdk-25.0.1.8-hotspot\bin\VCRUNTIME140.dll
0x00007ffb805a0000 - 0x00007ffb8076a000 	C:\WINDOWS\System32\USER32.dll
0x00007ffb5f130000 - 0x00007ffb5f3ca000 	C:\WINDOWS\WinSxS\amd64_microsoft.windows.common-controls_6595b64144ccf1df_6.0.26100.3912_none_3e07963ce335137e\COMCTL32.dll
0x00007ffb7f970000 - 0x00007ffb7f997000 	C:\WINDOWS\System32\win32u.dll
0x00007ffb81790000 - 0x00007ffb81839000 	C:\WINDOWS\System32\msvcrt.dll
0x00007ffb803c0000 - 0x00007ffb803eb000 	C:\WINDOWS\System32\GDI32.dll
0x00007ffb7f9a0000 - 0x00007ffb7fad2000 	C:\WINDOWS\System32\gdi32full.dll
0x00007ffb7ef40000 - 0x00007ffb7efe3000 	C:\WINDOWS\System32\msvcp_win.dll
0x00007ffb80770000 - 0x00007ffb807a0000 	C:\WINDOWS\System32\IMM32.DLL
0x00007ffb7bf40000 - 0x00007ffb7bf4c000 	C:\Program Files\Eclipse Adoptium\jdk-25.0.1.8-hotspot\bin\vcruntime140_1.dll
0x00007ffb66480000 - 0x00007ffb6650d000 	C:\Program Files\Eclipse Adoptium\jdk-25.0.1.8-hotspot\bin\msvcp140.dll
0x00007ffaf8e30000 - 0x00007ffaf9d56000 	C:\Program Files\Eclipse Adoptium\jdk-25.0.1.8-hotspot\bin\server\jvm.dll
0x00007ffb816d0000 - 0x00007ffb81782000 	C:\WINDOWS\System32\ADVAPI32.dll
0x00007ffb7fbe0000 - 0x00007ffb7fc86000 	C:\WINDOWS\System32\sechost.dll
0x00007ffb81aa0000 - 0x00007ffb81bb6000 	C:\WINDOWS\System32\RPCRT4.dll
0x00007ffb80d30000 - 0x00007ffb80da4000 	C:\WINDOWS\System32\WS2_32.dll
0x00007ffb7db00000 - 0x00007ffb7db5e000 	C:\WINDOWS\SYSTEM32\POWRPROF.dll
0x00007ffb6dbd0000 - 0x00007ffb6dc06000 	C:\WINDOWS\SYSTEM32\WINMM.dll
0x00007ffb77300000 - 0x00007ffb7730b000 	C:\WINDOWS\SYSTEM32\VERSION.dll
0x00007ffb7dae0000 - 0x00007ffb7daf4000 	C:\WINDOWS\SYSTEM32\UMPDC.dll
0x00007ffb7dd90000 - 0x00007ffb7ddaa000 	C:\WINDOWS\SYSTEM32\kernel.appcore.dll
0x00007ffb79fc0000 - 0x00007ffb79fca000 	C:\Program Files\Eclipse Adoptium\jdk-25.0.1.8-hotspot\bin\jimage.dll
0x00007ffb70f90000 - 0x00007ffb711d1000 	C:\WINDOWS\SYSTEM32\DBGHELP.DLL
0x00007ffb7ff30000 - 0x00007ffb802b4000 	C:\WINDOWS\System32\combase.dll
0x00007ffb80c40000 - 0x00007ffb80d20000 	C:\WINDOWS\System32\OLEAUT32.dll
0x00007ffb5c830000 - 0x00007ffb5c869000 	C:\WINDOWS\SYSTEM32\dbgcore.DLL
0x00007ffb7f8d0000 - 0x00007ffb7f969000 	C:\WINDOWS\System32\bcryptPrimitives.dll
0x00007ffb79fb0000 - 0x00007ffb79fbf000 	C:\Program Files\Eclipse Adoptium\jdk-25.0.1.8-hotspot\bin\instrument.dll
0x00007ffb78c50000 - 0x00007ffb78c6e000 	C:\Program Files\Eclipse Adoptium\jdk-25.0.1.8-hotspot\bin\java.dll
0x00007ffb803f0000 - 0x00007ffb8058f000 	C:\WINDOWS\System32\ole32.dll
0x00007ffb80fa0000 - 0x00007ffb816cd000 	C:\WINDOWS\System32\SHELL32.dll
0x00007ffb7eff0000 - 0x00007ffb7f164000 	C:\WINDOWS\System32\wintypes.dll
0x00007ffb7cb50000 - 0x00007ffb7d3a6000 	C:\WINDOWS\SYSTEM32\windows.storage.dll
0x00007ffb81bc0000 - 0x00007ffb81caf000 	C:\WINDOWS\System32\SHCORE.dll
0x00007ffb80f30000 - 0x00007ffb80f99000 	C:\WINDOWS\System32\shlwapi.dll
0x00007ffb7edc0000 - 0x00007ffb7edef000 	C:\WINDOWS\SYSTEM32\profapi.dll
0x00007ffb78c30000 - 0x00007ffb78c47000 	C:\Program Files\Eclipse Adoptium\jdk-25.0.1.8-hotspot\bin\zip.dll
0x00007ffb78c10000 - 0x00007ffb78c21000 	C:\Program Files\Eclipse Adoptium\jdk-25.0.1.8-hotspot\bin\net.dll
0x00007ffb7e300000 - 0x00007ffb7e36a000 	C:\WINDOWS\system32\mswsock.dll
0x00007ffb77000000 - 0x00007ffb77016000 	C:\Program Files\Eclipse Adoptium\jdk-25.0.1.8-hotspot\bin\nio.dll
0x00007ffb79fa0000 - 0x00007ffb79fb0000 	C:\Program Files\Eclipse Adoptium\jdk-25.0.1.8-hotspot\bin\verify.dll
0x00007ffb768d0000 - 0x00007ffb76914000 	C:\Users\spoon\AppData\Local\nvim-data\mason\share\jdtls\config\org.eclipse.equinox.launcher\org.eclipse.equinox.launcher.win32.win32.x86_64_1.2.1400.v20250801-0854\eclipse_11916.dll
0x00007ffb7e5a0000 - 0x00007ffb7e5bc000 	C:\WINDOWS\SYSTEM32\CRYPTSP.dll
0x00007ffb7dcf0000 - 0x00007ffb7dd2a000 	C:\WINDOWS\system32\rsaenh.dll
0x00007ffb7e3a0000 - 0x00007ffb7e3cb000 	C:\WINDOWS\SYSTEM32\USERENV.dll
0x00007ffb7ed90000 - 0x00007ffb7edb6000 	C:\WINDOWS\SYSTEM32\bcrypt.dll
0x00007ffb7e5c0000 - 0x00007ffb7e5cc000 	C:\WINDOWS\SYSTEM32\CRYPTBASE.dll
0x00007ffb7d740000 - 0x00007ffb7d773000 	C:\WINDOWS\SYSTEM32\IPHLPAPI.DLL
0x00007ffb7fae0000 - 0x00007ffb7faea000 	C:\WINDOWS\System32\NSI.dll
0x00007ffb66430000 - 0x00007ffb66479000 	C:\Users\spoon\AppData\Local\Temp\jna-109651729\jna1072597945652486962.dll
0x00007ffb80380000 - 0x00007ffb80388000 	C:\WINDOWS\System32\PSAPI.DLL
0x00007ffb771d0000 - 0x00007ffb772ee000 	C:\WINDOWS\SYSTEM32\winhttp.dll
0x00007ffb76ed0000 - 0x00007ffb76eef000 	C:\WINDOWS\SYSTEM32\dhcpcsvc6.DLL
0x00007ffb76d20000 - 0x00007ffb76d45000 	C:\WINDOWS\SYSTEM32\dhcpcsvc.DLL
0x00007ffb76c10000 - 0x00007ffb76c37000 	C:\Users\spoon\.gradle\native\660c5614fbf4a5f2a75b1949f50a0caf5cd603558e7d8a26e50b933a0cfb79d1\windows-amd64\native-platform.dll
0x00007ffb79cd0000 - 0x00007ffb79cda000 	C:\Program Files\Eclipse Adoptium\jdk-25.0.1.8-hotspot\bin\management.dll
0x00007ffb79b30000 - 0x00007ffb79b3c000 	C:\Program Files\Eclipse Adoptium\jdk-25.0.1.8-hotspot\bin\management_ext.dll

JVMTI agents:
C:\Users\spoon\AppData\Local\nvim-data\mason\share\jdtls\lombok.jar path:C:\Program Files\Eclipse Adoptium\jdk-25.0.1.8-hotspot\bin\instrument.dll, loaded, initialized, instrumentlib options:none

dbghelp: loaded successfully - version: 4.0.5 - missing functions: none
symbol engine: initialized successfully - sym options: 0x614 - pdb path: .;C:\Program Files\Eclipse Adoptium\jdk-25.0.1.8-hotspot\bin;C:\WINDOWS\SYSTEM32;C:\WINDOWS\WinSxS\amd64_microsoft.windows.common-controls_6595b64144ccf1df_6.0.26100.3912_none_3e07963ce335137e;C:\Program Files\Eclipse Adoptium\jdk-25.0.1.8-hotspot\bin\server;C:\Users\spoon\AppData\Local\nvim-data\mason\share\jdtls\config\org.eclipse.equinox.launcher\org.eclipse.equinox.launcher.win32.win32.x86_64_1.2.1400.v20250801-0854;C:\Users\spoon\AppData\Local\Temp\jna-109651729;C:\Users\spoon\.gradle\native\660c5614fbf4a5f2a75b1949f50a0caf5cd603558e7d8a26e50b933a0cfb79d1\windows-amd64

VM Arguments:
jvm_args: -Declipse.application=org.eclipse.jdt.ls.core.id1 -Dosgi.bundles.defaultStartLevel=4 -Declipse.product=org.eclipse.jdt.ls.core.product -Dlog.protocol=true -Dlog.level=ALL -javaagent:C:\Users\spoon\AppData\Local\nvim-data\mason\share\jdtls\lombok.jar -Xms1g --add-modules=ALL-SYSTEM --add-opens=java.base/java.util=ALL-UNNAMED --add-opens=java.base/java.lang=ALL-UNNAMED 
java_command: C:\Users\spoon\AppData\Local\nvim-data\mason\share\jdtls\plugins\org.eclipse.equinox.launcher.jar -configuration C:\Users\spoon\AppData\Local\nvim-data\mason\share\jdtls\config -data C:\Users\spoon\AppData\Local\nvim-data/site/java/workspace-root/source
java_class_path (initial): C:\Users\spoon\AppData\Local\nvim-data\mason\share\jdtls\plugins\org.eclipse.equinox.launcher.jar
Launcher Type: SUN_STANDARD

[Global flags]
     intx CICompilerCount                          = 15                                        {product} {ergonomic}
     uint ConcGCThreads                            = 6                                         {product} {ergonomic}
     uint G1ConcRefinementThreads                  = 23                                        {product} {ergonomic}
   size_t G1HeapRegionSize                         = 8388608                                   {product} {ergonomic}
   size_t InitialHeapSize                          = 1073741824                                {product} {command line}
   size_t MarkStackSize                            = 4194304                                   {product} {ergonomic}
   size_t MarkStackSizeMax                         = 536870912                                 {product} {ergonomic}
   size_t MaxHeapSize                              = 17163091968                               {product} {ergonomic}
   size_t MaxNewSize                               = 10292822016                               {product} {ergonomic}
   size_t MinHeapDeltaBytes                        = 8388608                                   {product} {ergonomic}
   size_t MinHeapSize                              = 1073741824                                {product} {command line}
    uintx NonNMethodCodeHeapSize                   = 8192000                                {pd product} {ergonomic}
    uintx NonProfiledCodeHeapSize                  = 121765888                              {pd product} {ergonomic}
    uintx ProfiledCodeHeapSize                     = 121700352                              {pd product} {ergonomic}
    uintx ReservedCodeCacheSize                    = 251658240                              {pd product} {ergonomic}
     bool SegmentedCodeCache                       = true                                      {product} {ergonomic}
   size_t SoftMaxHeapSize                          = 17163091968                            {manageable} {ergonomic}
     bool UseCompressedOops                        = true                           {product lp64_product} {ergonomic}
     bool UseG1GC                                  = true                                      {product} {ergonomic}
     bool UseLargePagesIndividualAllocation        = false                                  {pd product} {ergonomic}

Logging:
Log output configuration:
 #0: stdout all=warning uptime,level,tags foldmultilines=false
 #1: stderr all=off uptime,level,tags foldmultilines=false

Release file:
IMPLEMENTOR="Eclipse Adoptium" 
IMPLEMENTOR_VERSION="Temurin-25.0.1+8" 
JAVA_RUNTIME_VERSION="25.0.1+8-LTS" 
JAVA_VERSION="25.0.1" 
JAVA_VERSION_DATE="2025-10-21" 
LIBC="default" 
MODULES="java.base java.compiler java.datatransfer java.xml java.prefs java.desktop java.instrument java.logging java.management java.security.sasl java.naming java.rmi java.management.rmi java.net.http java.scripting java.security.jgss java.transaction.xa java.sql java.sql.rowset java.xml.crypto java.se java.smartcardio jdk.accessibility jdk.internal.jvmstat jdk.attach jdk.charsets jdk.internal.opt jdk.zipfs jdk.compiler jdk.crypto.cryptoki jdk.crypto.ec jdk.crypto.mscapi jdk.dynalink jdk.internal.ed jdk.editpad jdk.internal.vm.ci jdk.graal.compiler jdk.graal.compiler.management jdk.hotspot.agent jdk.httpserver jdk.incubator.vector jdk.internal.le jdk.internal.md jdk.jartool jdk.javadoc jdk.jcmd jdk.management jdk.management.agent jdk.jconsole jdk.jdeps jdk.jdwp.agent jdk.jdi jdk.jfr jdk.jlink jdk.jpackage jdk.jshell jdk.jsobject jdk.jstatd jdk.localedata jdk.management.jfr jdk.naming.dns jdk.naming.rmi jdk.net jdk.nio.mapmode jdk.sctp jdk.security.auth jdk.security.jgss jdk.unsupported jdk.unsupported.desktop jdk.xml.dom" 
OS_ARCH="x86_64" 
OS_NAME="Windows" 
SOURCE=".:git:61d6a2c1b35e" 
BUILD_SOURCE="git:839fa0b45d809157cffd3dc8515aad262a4a1776"
BUILD_SOURCE_REPO="https://github.com/adoptium/temurin-build.git"
SOURCE_REPO="https://github.com/adoptium/jdk25u.git"
FULL_VERSION="25.0.1+8-LTS"
SEMANTIC_VERSION="25.0.1+8"
BUILD_INFO="OS: Windows Server 2022 Version: 10.0"
JVM_VARIANT="Hotspot"
JVM_VERSION="25.0.1+8-LTS"
IMAGE_TYPE="JDK"

Environment Variables:
JAVA_HOME=C:\Program Files\Microsoft\jdk-17.0.17.10-hotspot\
PATH=C:/Users/spoon/AppData/Local/nvim-data/mason/bin;C:\Users\spoon\AppData\Local\fnm_multishells\2784_1772249801391;C:\Program Files\Microsoft Visual Studio\2022\Community\VC\Tools\MSVC\14.44.35207\bin\HostX64\x64;C:\Program Files\Microsoft Visual Studio\2022\Community\Common7\IDE\VC\VCPackages;C:\Program Files\Microsoft Visual Studio\2022\Community\Common7\IDE\CommonExtensions\Microsoft\TestWindow;C:\Program Files\Microsoft Visual Studio\2022\Community\Common7\IDE\CommonExtensions\Microsoft\TeamFoundation\Team Explorer;C:\Program Files\Microsoft Visual Studio\2022\Community\MSBuild\Current\bin\Roslyn;C:\Program Files (x86)\Microsoft SDKs\Windows\v10.0A\bin\NETFX 4.8 Tools\x64\;C:\Program Files\Microsoft Visual Studio\2022\Community\Team Tools\DiagnosticsHub\Collector;C:\Program Files (x86)\Windows Kits\10\bin\10.0.26100.0\\x64;C:\Program Files (x86)\Windows Kits\10\bin\\x64;C:\Program Files\Microsoft Visual Studio\2022\Community\\MSBuild\Current\Bin\amd64;C:\Windows\Microsoft.NET\Framework64\v4.0.30319;C:\Program Files\Microsoft Visual Studio\2022\Community\Common7\IDE\;C:\Program Files\Microsoft Visual Studio\2022\Community\Common7\Tools\;C:\Program Files\Eclipse Adoptium\jdk-25.0.1.8-hotspot\bin;C:\Program Files\Microsoft\jdk-21.0.9.10-hotspot\bin;C:\Program Files\Eclipse Adoptium\jdk-17.0.17.10-hotspot\bin;C:\Program Files\Microsoft\jdk-17.0.17.10-hotspot\bin;C:\VulkanSDK\1.4.313.2\Bin;C:\WINDOWS\system32;C:\WINDOWS;C:\WINDOWS\System32\Wbem;C:\WINDOWS\System32\WindowsPowerShell\v1.0\;C:\WINDOWS\System32\OpenSSH\;C:\Program Files\dotnet\;C:\Program Files\NVIDIA Corporation\NVIDIA App\NvDLISR;C:\Program Files (x86)\NVIDIA Corporation\PhysX\Common;C:\Program Files\Neovim\bin;C:\Program Files\Git\cmd;C:\Program Files\GitHub CLI\;C:\Program Files (x86)\Windows Kits\10\Windows Performance Toolkit\;C:\Program Files\bottom\bin\;C:\Program Files\FileBot\;C:\Program Files\PowerShell\7\;C:\Program Files\Nefarius Software Solutions\Nefarius VirtualPad Driver Runtime\runtime\x64;C:\Users\spoon\AppData\Local\Programs\Python\Python314\Scripts\;C:\Users\spoon\AppData\Local\Programs\Python\Python314\;C:\Users\spoon\AppData\Local\Programs\Python\Launcher\;C:\Users\spoon\.cargo\bin;C:\Users\spoon\AppData\Local\Microsoft\WindowsApps;C:\Users\spoon\AppData\Local\Programs\Microsoft VS Code\bin;C:\Users\spoon\AppData\Local\Microsoft\WinGet\Packages\twpayne.chezmoi_Microsoft.Winget.Source_8wekyb3d8bbwe;C:\Users\spoon\AppData\Local\Microsoft\WinGet\Packages\JesseDuffield.lazygit_Microsoft.Winget.Source_8wekyb3d8bbwe;C:\Users\spoon\AppData\Local\Microsoft\WinGet\Packages\Schniz.fnm_Microsoft.Winget.Source_8wekyb3d8bbwe;C:\Users\spoon\AppData\Local\Microsoft\WinGet\Packages\BurntSushi.ripgrep.GNU_Microsoft.Winget.Source_8wekyb3d8bbwe\ripgrep-14.1.1-x86_64-pc-windows-gnu;C:\Users\spoon\AppData\Local\Microsoft\WinGet\Packages\ezwinports.make_Microsoft.Winget.Source_8wekyb3d8bbwe\bin;C:\Program Files\maven\bin;C:\Program Files\maven\mvn\bin;C:\Program Files\jdk-16.0.2\bin;C:\Gradle\gradle-9.2.1\bin;C:\Users\spoon\AppData\Local\Programs\Antigravity\bin;C:\Program Files\Microsoft Visual Studio\2022\Community\Common7\IDE\CommonExtensions\Microsoft\CMake\CMake\bin;C:\Program Files\Microsoft Visual Studio\2022\Community\Common7\IDE\CommonExtensions\Microsoft\CMake\Ninja;C:\Program Files\Microsoft Visual Studio\2022\Community\Common7\IDE\VC\Linux\bin\ConnectionManagerExe;C:\Program Files\Microsoft Visual Studio\2022\Community\VC\vcpkg;C:\Program Files\Neovim\bin;C:\Program Files\Neovim\bin
USERNAME=spoon
LIBPATH=C:\Program Files\Microsoft Visual Studio\2022\Community\VC\Tools\MSVC\14.44.35207\ATLMFC\lib\x64;C:\Program Files\Microsoft Visual Studio\2022\Community\VC\Tools\MSVC\14.44.35207\lib\x64;C:\Program Files\Microsoft Visual Studio\2022\Community\VC\Tools\MSVC\14.44.35207\lib\x86\store\references;C:\Program Files (x86)\Windows Kits\10\UnionMetadata\10.0.26100.0;C:\Program Files (x86)\Windows Kits\10\References\10.0.26100.0;C:\Windows\Microsoft.NET\Framework64\v4.0.30319
OS=Windows_NT
PROCESSOR_IDENTIFIER=AMD64 Family 25 Model 33 Stepping 0, AuthenticAMD
TMP=C:\Users\spoon\AppData\Local\Temp
TEMP=C:\Users\spoon\AppData\Local\Temp




Compilation memory statistics disabled.

Periodic native trim disabled

---------------  S Y S T E M  ---------------

OS:
 Windows 11 , 64 bit Build 26100 (10.0.26100.3912)
OS uptime: 0 days 5:35 hours

CPU: total 32 (initial active 32) (32 cores per cpu, 2 threads per core) family 25 model 33 stepping 0 microcode 0xa201009, cx8, cmov, fxsr, ht, mmx, 3dnowpref, sse, sse2, sse3, ssse3, sse4a, sse4.1, sse4.2, popcnt, lzcnt, tsc, tscinvbit, avx, avx2, aes, erms, clmul, bmi1, bmi2, adx, sha, fma, vzeroupper, clflush, clflushopt, clwb, rdtscp, rdpid, fsrm, f16c, pku, cet_ss
Processor Information for the first 32 processors :
  Max Mhz: 3401, Current Mhz: 3401, Mhz Limit: 3401

Memory: 4k page, system-wide physical 65446M (45054M free)
TotalPageFile size 69542M (AvailPageFile size 45774M)
current process WorkingSet (physical memory assigned to process): 1694M, peak: 5240M
current process commit charge ("private bytes"): 1730M, peak: 6003M

vm_info: OpenJDK 64-Bit Server VM (25.0.1+8-LTS) for windows-amd64 JRE (25.0.1+8-LTS), built on 2025-10-21T00:00:00Z with unknown MS VC++:1942

END.
